Using pre-set license
Built from '2021.3/release' branch; Version is '2021.3.12f1 (8af3c3e441b1) revision 9106371'; Using compiler version '192829333'; Build Type 'Release'
OS: 'Windows 10  (10.0.19044) 64bit Core' Language: 'en' Physical Memory: 16177 MB
BatchMode: 1, IsHumanControllingUs: 0, StartBugReporterOnCrash: 0, Is64bit: 1, IsPro: 1

COMMAND LINE ARGUMENTS:
C:\Program Files\Unity\Hub\Editor\2021.3.12f1\Editor\Unity.exe
-adb2
-batchMode
-noUpm
-name
AssetImportWorker5
-projectPath
C:/Users/csmol/Documents/CombatSystemDemo
-logFile
Logs/AssetImportWorker5.log
-srvPort
60346
Successfully changed project path to: C:/Users/csmol/Documents/CombatSystemDemo
C:/Users/csmol/Documents/CombatSystemDemo
[UnityMemory] Configuration Parameters - Can be set up in boot.config
    "memorysetup-bucket-allocator-granularity=16"
    "memorysetup-bucket-allocator-bucket-count=8"
    "memorysetup-bucket-allocator-block-size=33554432"
    "memorysetup-bucket-allocator-block-count=8"
    "memorysetup-main-allocator-block-size=16777216"
    "memorysetup-thread-allocator-block-size=16777216"
    "memorysetup-gfx-main-allocator-block-size=16777216"
    "memorysetup-gfx-thread-allocator-block-size=16777216"
    "memorysetup-cache-allocator-block-size=4194304"
    "memorysetup-typetree-allocator-block-size=2097152"
    "memorysetup-profiler-bucket-allocator-granularity=16"
    "memorysetup-profiler-bucket-allocator-bucket-count=8"
    "memorysetup-profiler-bucket-allocator-block-size=33554432"
    "memorysetup-profiler-bucket-allocator-block-count=8"
    "memorysetup-profiler-allocator-block-size=16777216"
    "memorysetup-profiler-editor-allocator-block-size=1048576"
    "memorysetup-temp-allocator-size-main=16777216"
    "memorysetup-job-temp-allocator-block-size=2097152"
    "memorysetup-job-temp-allocator-block-size-background=1048576"
    "memorysetup-job-temp-allocator-reduction-small-platforms=262144"
    "memorysetup-temp-allocator-size-background-worker=32768"
    "memorysetup-temp-allocator-size-job-worker=262144"
    "memorysetup-temp-allocator-size-preload-manager=33554432"
    "memorysetup-temp-allocator-size-nav-mesh-worker=65536"
    "memorysetup-temp-allocator-size-audio-worker=65536"
    "memorysetup-temp-allocator-size-cloud-worker=32768"
    "memorysetup-temp-allocator-size-gi-baking-worker=262144"
    "memorysetup-temp-allocator-size-gfx=262144"
Refreshing native plugins compatible for Editor in 128.35 ms, found 3 plugins.
Preloading 0 native plugins for Editor in 0.00 ms.
Initialize engine version: 2021.3.12f1 (8af3c3e441b1)
[Subsystems] Discovering subsystems at path C:/Program Files/Unity/Hub/Editor/2021.3.12f1/Editor/Data/Resources/UnitySubsystems
[Subsystems] Discovering subsystems at path C:/Users/csmol/Documents/CombatSystemDemo/Assets
GfxDevice: creating device client; threaded=0; jobified=0
Direct3D:
    Version:  Direct3D 11.0 [level 11.1]
    Renderer: NVIDIA GeForce RTX 2060 (ID=0x1f11)
    Vendor:   NVIDIA
    VRAM:     5980 MB
    Driver:   27.21.14.6618
Initialize mono
Mono path[0] = 'C:/Program Files/Unity/Hub/Editor/2021.3.12f1/Editor/Data/Managed'
Mono path[1] = 'C:/Program Files/Unity/Hub/Editor/2021.3.12f1/Editor/Data/MonoBleedingEdge/lib/mono/unityjit-win32'
Mono config path = 'C:/Program Files/Unity/Hub/Editor/2021.3.12f1/Editor/Data/MonoBleedingEdge/etc'
Using monoOptions --debugger-agent=transport=dt_socket,embedding=1,server=y,suspend=n,address=127.0.0.1:56788
Begin MonoManager ReloadAssembly
Registering precompiled unity dll's ...
Register platform support module: C:/Program Files/Unity/Hub/Editor/2021.3.12f1/Editor/Data/PlaybackEngines/WindowsStandaloneSupport/UnityEditor.WindowsStandalone.Extensions.dll
Registered in 0.008919 seconds.
Native extension for WindowsStandalone target not found
Refreshing native plugins compatible for Editor in 125.47 ms, found 3 plugins.
Preloading 0 native plugins for Editor in 0.00 ms.
Mono: successfully reloaded assembly
- Completed reload, in  0.899 seconds
Domain Reload Profiling:
	ReloadAssembly (900ms)
		BeginReloadAssembly (104ms)
			ExecutionOrderSort (0ms)
			DisableScriptedObjects (0ms)
			BackupInstance (0ms)
			ReleaseScriptingObjects (0ms)
			CreateAndSetChildDomain (1ms)
		EndReloadAssembly (644ms)
			LoadAssemblies (101ms)
			RebuildTransferFunctionScriptingTraits (0ms)
			SetupTypeCache (144ms)
			ReleaseScriptCaches (0ms)
			RebuildScriptCaches (40ms)
			SetupLoadedEditorAssemblies (387ms)
				LogAssemblyErrors (0ms)
				InitializePlatformSupportModulesInManaged (12ms)
				SetLoadedEditorAssemblies (0ms)
				RefreshPlugins (126ms)
				BeforeProcessingInitializeOnLoad (2ms)
				ProcessInitializeOnLoadAttributes (186ms)
				ProcessInitializeOnLoadMethodAttributes (60ms)
				AfterProcessingInitializeOnLoad (0ms)
				EditorAssembliesLoaded (0ms)
			ExecutionOrderSort2 (0ms)
			AwakeInstancesAfterBackupRestoration (0ms)
Platform modules already initialized, skipping
Registering precompiled user dll's ...
Registered in 0.007377 seconds.
Begin MonoManager ReloadAssembly
Symbol file LoadedFromMemory doesn't match image C:\Users\csmol\Documents\CombatSystemDemo\Library\PackageCache\com.unity.visualscripting@1.7.8\Editor\VisualScripting.Core\Dependencies\YamlDotNet\Unity.VisualScripting.YamlDotNet.dll
Symbol file LoadedFromMemory doesn't match image C:\Users\csmol\Documents\CombatSystemDemo\Library\PackageCache\com.unity.visualscripting@1.7.8\Editor\VisualScripting.Core\Dependencies\DotNetZip\Unity.VisualScripting.IonicZip.dll
Native extension for WindowsStandalone target not found
Refreshing native plugins compatible for Editor in 0.89 ms, found 3 plugins.
Preloading 0 native plugins for Editor in 0.00 ms.
Mono: successfully reloaded assembly
- Completed reload, in  1.528 seconds
Domain Reload Profiling:
	ReloadAssembly (1529ms)
		BeginReloadAssembly (166ms)
			ExecutionOrderSort (0ms)
			DisableScriptedObjects (9ms)
			BackupInstance (0ms)
			ReleaseScriptingObjects (0ms)
			CreateAndSetChildDomain (26ms)
		EndReloadAssembly (1202ms)
			LoadAssemblies (121ms)
			RebuildTransferFunctionScriptingTraits (0ms)
			SetupTypeCache (365ms)
			ReleaseScriptCaches (1ms)
			RebuildScriptCaches (99ms)
			SetupLoadedEditorAssemblies (574ms)
				LogAssemblyErrors (0ms)
				InitializePlatformSupportModulesInManaged (8ms)
				SetLoadedEditorAssemblies (1ms)
				RefreshPlugins (1ms)
				BeforeProcessingInitializeOnLoad (131ms)
				ProcessInitializeOnLoadAttributes (375ms)
				ProcessInitializeOnLoadMethodAttributes (46ms)
				AfterProcessingInitializeOnLoad (12ms)
				EditorAssembliesLoaded (0ms)
			ExecutionOrderSort2 (0ms)
			AwakeInstancesAfterBackupRestoration (8ms)
Platform modules already initialized, skipping
========================================================================
Worker process is ready to serve import requests
Launched and connected shader compiler UnityShaderCompiler.exe after 0.04 seconds
Refreshing native plugins compatible for Editor in 1.15 ms, found 3 plugins.
Preloading 0 native plugins for Editor in 0.00 ms.
Unloading 3507 Unused Serialized files (Serialized files now loaded: 0)
Unloading 29 unused Assets / (462.6 KB). Loaded Objects now: 3990.
Memory consumption went from 156.6 MB to 156.1 MB.
Total: 5.076300 ms (FindLiveObjects: 0.362200 ms CreateObjectMapping: 0.308100 ms MarkObjects: 3.825000 ms  DeleteObjects: 0.579700 ms)

AssetImportParameters requested are different than current active one (requested -> active):
  custom:video-decoder-ogg-theora: a1e56fd34408186e4bbccfd4996cb3dc -> 
  custom:container-muxer-webm: aa71ff27fc2769a1b78a27578f13a17b -> 
  custom:container-demuxer-webm: 4f35f7cbe854078d1ac9338744f61a02 -> 
  custom:video-encoder-webm-vp8: eb34c28f22e8b96e1ab97ce403110664 -> 
  custom:video-codec-MediaFoundation-h265: 746d11721c4dcdbdad8f713fa42b33f4 -> 
  custom:audio-encoder-webm-vorbis: bf7c407c2cedff20999df2af8eb42d56 -> 
  custom:framework-win-MediaFoundation: 216162199b28c13a410421893ffa2e32 -> 
  custom:container-demuxer-ogg: 62fdf1f143b41e24485cea50d1cbac27 -> 
  custom:video-decoder-webm-vp8: 9c59270c3fd7afecdb556c50c9e8de78 -> 
  custom:audio-decoder-ogg-vorbis: bf7c407c2cedff20999df2af8eb42d56 -> 
========================================================================
Received Import Request.
  Time since last request: 2839.289766 seconds.
  path: Assets/NatureStarterKit2/Standard Assets/Effects/TessellationShaders/Textures/CliffNormals.png
  artifactKey: Guid(e08c295755c0885479ad19f518286ff2) Importer(815301076,1909f56bfc062723c751e8b465ee728b)
Start importing Assets/NatureStarterKit2/Standard Assets/Effects/TessellationShaders/Textures/CliffNormals.png using Guid(e08c295755c0885479ad19f518286ff2) Importer(815301076,1909f56bfc062723c751e8b465ee728b)  -> (artifact id: '9f9d879d3e08a1995988cdfd82091518') in 0.199564 seconds 
========================================================================
Received Import Request.
  Time since last request: 0.000046 seconds.
  path: Assets/Medieval Fortification/Textures/Fortification_Ladder_Normal.png
  artifactKey: Guid(ef0eef1dc2e5c2c4a9f26c20e15b4b5d) Importer(815301076,1909f56bfc062723c751e8b465ee728b)
Start importing Assets/Medieval Fortification/Textures/Fortification_Ladder_Normal.png using Guid(ef0eef1dc2e5c2c4a9f26c20e15b4b5d) Importer(815301076,1909f56bfc062723c751e8b465ee728b)  -> (artifact id: 'ad3229c33c7fd6c1296773ccc965444f') in 0.034868 seconds 
========================================================================
Received Import Request.
  Time since last request: 0.000036 seconds.
  path: Assets/Medieval Fortification/Textures/Fortification_Tower_Front_MetallicSmoothness.png
  artifactKey: Guid(ae3e670cb3b07674bbbf553a3bee5005) Importer(815301076,1909f56bfc062723c751e8b465ee728b)
Start importing Assets/Medieval Fortification/Textures/Fortification_Tower_Front_MetallicSmoothness.png using Guid(ae3e670cb3b07674bbbf553a3bee5005) Importer(815301076,1909f56bfc062723c751e8b465ee728b)  -> (artifact id: '579298ba31e9866ec41ae1fe2eb4cfbc') in 0.550340 seconds 
========================================================================
Received Import Request.
  Time since last request: 0.000033 seconds.
  path: Assets/NatureStarterKit2/Nature/bush03_Textures/diffuse.png
  artifactKey: Guid(bafd27072aee8654485c538f80de7dd8) Importer(815301076,1909f56bfc062723c751e8b465ee728b)
Start importing Assets/NatureStarterKit2/Nature/bush03_Textures/diffuse.png using Guid(bafd27072aee8654485c538f80de7dd8) Importer(815301076,1909f56bfc062723c751e8b465ee728b)  -> (artifact id: '1ce1791056130c83c99306a24338bbeb') in 0.016692 seconds 
========================================================================
Received Import Request.
  Time since last request: 0.000056 seconds.
  path: Assets/Medieval Fortification/Textures/Fortification_Tower_Corner_MetallicSmoothness.png
  artifactKey: Guid(ca43403f324655e488e7cd651756a87b) Importer(815301076,1909f56bfc062723c751e8b465ee728b)
Start importing Assets/Medieval Fortification/Textures/Fortification_Tower_Corner_MetallicSmoothness.png using Guid(ca43403f324655e488e7cd651756a87b) Importer(815301076,1909f56bfc062723c751e8b465ee728b)  -> (artifact id: '85a90dbfea13f1af92a62b7ff98cdd4e') in 0.427145 seconds 
========================================================================
Received Import Request.
  Time since last request: 0.000022 seconds.
  path: Assets/NatureStarterKit2/Nature/tree01_Textures/diffuse.png
  artifactKey: Guid(bc1041f423dc3314e8998435028d0fd3) Importer(815301076,1909f56bfc062723c751e8b465ee728b)
Start importing Assets/NatureStarterKit2/Nature/tree01_Textures/diffuse.png using Guid(bc1041f423dc3314e8998435028d0fd3) Importer(815301076,1909f56bfc062723c751e8b465ee728b)  -> (artifact id: '40f59d9921483fca3dcff904be8a4d18') in 0.015316 seconds 
========================================================================
Received Import Request.
  Time since last request: 0.000035 seconds.
  path: Assets/Medieval Fortification/Textures/Fortification_Wall_Albedo.png
  artifactKey: Guid(1249a96697e3caf4286941686eab21c2) Importer(815301076,1909f56bfc062723c751e8b465ee728b)
Start importing Assets/Medieval Fortification/Textures/Fortification_Wall_Albedo.png using Guid(1249a96697e3caf4286941686eab21c2) Importer(815301076,1909f56bfc062723c751e8b465ee728b)  -> (artifact id: '5c354dc4d1ee63066776b10182ae9eec') in 2.087745 seconds 
========================================================================
Received Import Request.
  Time since last request: 0.000029 seconds.
  path: Assets/Medieval Fortification/Textures/Fortification_Ladder_MetallicSmoothness.png
  artifactKey: Guid(fd557cb7588143b49b622598bca0e842) Importer(815301076,1909f56bfc062723c751e8b465ee728b)
Start importing Assets/Medieval Fortification/Textures/Fortification_Ladder_MetallicSmoothness.png using Guid(fd557cb7588143b49b622598bca0e842) Importer(815301076,1909f56bfc062723c751e8b465ee728b)  -> (artifact id: '494da699933b2c072f32814bc3eb1fb5') in 0.266747 seconds 
========================================================================
Received Import Request.
  Time since last request: 0.000034 seconds.
  path: Assets/NatureStarterKit2/Nature/bush02_Textures/shadow.png
  artifactKey: Guid(acac49e6c49c1da4d91b3702823fe4cf) Importer(815301076,1909f56bfc062723c751e8b465ee728b)
Start importing Assets/NatureStarterKit2/Nature/bush02_Textures/shadow.png using Guid(acac49e6c49c1da4d91b3702823fe4cf) Importer(815301076,1909f56bfc062723c751e8b465ee728b)  -> (artifact id: '4fbf2f88eb7284baf2cb2913bfee7032') in 0.022311 seconds 
========================================================================
Received Import Request.
  Time since last request: 0.000042 seconds.
  path: Assets/Greid/documentation/PS_Layers/Layer2_No_Tattoos.png
  artifactKey: Guid(763eaad9b3487e14b9c2c88e72c216f1) Importer(815301076,1909f56bfc062723c751e8b465ee728b)
Start importing Assets/Greid/documentation/PS_Layers/Layer2_No_Tattoos.png using Guid(763eaad9b3487e14b9c2c88e72c216f1) Importer(815301076,1909f56bfc062723c751e8b465ee728b)  -> (artifact id: 'e79085e66c588b76c7e22575dd8a3ead') in 0.031399 seconds 
========================================================================
Received Import Request.
  Time since last request: 0.000020 seconds.
  path: Assets/Greid/documentation/PS_Layers/Layer5_Pants_Red.png
  artifactKey: Guid(fe5c422b0ffc50a4ea77b20185f528ff) Importer(815301076,1909f56bfc062723c751e8b465ee728b)
Start importing Assets/Greid/documentation/PS_Layers/Layer5_Pants_Red.png using Guid(fe5c422b0ffc50a4ea77b20185f528ff) Importer(815301076,1909f56bfc062723c751e8b465ee728b)  -> (artifact id: 'a04c905cb899f47825d45e84f1629b29') in 0.033903 seconds 
========================================================================
Received Import Request.
  Time since last request: 0.000045 seconds.
  path: Assets/NatureStarterKit2/Standard Assets/Effects/Projectors/Textures/Light.psd
  artifactKey: Guid(b1d7fee26e54cc3498f6267f072a45b9) Importer(815301076,1909f56bfc062723c751e8b465ee728b)
Start importing Assets/NatureStarterKit2/Standard Assets/Effects/Projectors/Textures/Light.psd using Guid(b1d7fee26e54cc3498f6267f072a45b9) Importer(815301076,1909f56bfc062723c751e8b465ee728b)  -> (artifact id: '1f169aeb14655c28ce936bf75ca99952') in 0.025178 seconds 
========================================================================
Received Import Request.
  Time since last request: 0.000026 seconds.
  path: Assets/Medieval Fortification/Show/Lightmap-1_comp_dir.png
  artifactKey: Guid(f30c3b9761900f947ad1a8224739991a) Importer(815301076,1909f56bfc062723c751e8b465ee728b)
Start importing Assets/Medieval Fortification/Show/Lightmap-1_comp_dir.png using Guid(f30c3b9761900f947ad1a8224739991a) Importer(815301076,1909f56bfc062723c751e8b465ee728b)  -> (artifact id: 'ba09e7d33fa955c1e510f6ea265ef1dc') in 0.042859 seconds 
========================================================================
Received Import Request.
  Time since last request: 0.000036 seconds.
  path: Assets/septimus/textures/septimus_albedo.tga
  artifactKey: Guid(2385b4e201c57cc4e87b2bd563ec11b2) Importer(815301076,1909f56bfc062723c751e8b465ee728b)
Start importing Assets/septimus/textures/septimus_albedo.tga using Guid(2385b4e201c57cc4e87b2bd563ec11b2) Importer(815301076,1909f56bfc062723c751e8b465ee728b)  -> (artifact id: 'db86d969953054e7249d310983aa06b7') in 0.023543 seconds 
========================================================================
Received Import Request.
  Time since last request: 0.000033 seconds.
  path: Assets/NatureStarterKit2/Nature/bush05_Textures/diffuse.png
  artifactKey: Guid(99594b157f839144d8c0e173b04dc37a) Importer(815301076,1909f56bfc062723c751e8b465ee728b)
Start importing Assets/NatureStarterKit2/Nature/bush05_Textures/diffuse.png using Guid(99594b157f839144d8c0e173b04dc37a) Importer(815301076,1909f56bfc062723c751e8b465ee728b)  -> (artifact id: '39c9e180012686a87974b6833d1ae041') in 0.017134 seconds 
========================================================================
Received Import Request.
  Time since last request: 0.000060 seconds.
  path: Assets/NatureStarterKit2/Nature/bush01_Textures/diffuse.png
  artifactKey: Guid(f09d087d144fc6f4a8b97c748f7e48f1) Importer(815301076,1909f56bfc062723c751e8b465ee728b)
Start importing Assets/NatureStarterKit2/Nature/bush01_Textures/diffuse.png using Guid(f09d087d144fc6f4a8b97c748f7e48f1) Importer(815301076,1909f56bfc062723c751e8b465ee728b)  -> (artifact id: '0b2dc0642079126c017c2799cdff99af') in 0.017471 seconds 
========================================================================
Received Import Request.
  Time since last request: 0.000028 seconds.
  path: Assets/NatureStarterKit2/Standard Assets/Effects/ImageEffects/Textures/MotionBlurJitter.png
  artifactKey: Guid(31f5a8611c4ed1245b18456206e798dc) Importer(815301076,1909f56bfc062723c751e8b465ee728b)
Start importing Assets/NatureStarterKit2/Standard Assets/Effects/ImageEffects/Textures/MotionBlurJitter.png using Guid(31f5a8611c4ed1245b18456206e798dc) Importer(815301076,1909f56bfc062723c751e8b465ee728b)  -> (artifact id: 'e4f4243aca0f9cc80461b84ae995dbcc') in 0.022056 seconds 
========================================================================
Received Import Request.
  Time since last request: 0.000028 seconds.
  path: Assets/NatureStarterKit2/Standard Assets/Effects/ImageEffects/Textures/Noise.png
  artifactKey: Guid(e80c3c84ea861404d8a427db8b7abf04) Importer(815301076,1909f56bfc062723c751e8b465ee728b)
Start importing Assets/NatureStarterKit2/Standard Assets/Effects/ImageEffects/Textures/Noise.png using Guid(e80c3c84ea861404d8a427db8b7abf04) Importer(815301076,1909f56bfc062723c751e8b465ee728b)  -> (artifact id: '3b8097ef928890672deb06bb925e2411') in 0.021076 seconds 
========================================================================
Received Import Request.
  Time since last request: 0.000042 seconds.
  path: Assets/NatureStarterKit2/Nature/bush02_Textures/normal_specular.png
  artifactKey: Guid(a0d503ff62e3323448a75a7485e3c50b) Importer(815301076,1909f56bfc062723c751e8b465ee728b)
Start importing Assets/NatureStarterKit2/Nature/bush02_Textures/normal_specular.png using Guid(a0d503ff62e3323448a75a7485e3c50b) Importer(815301076,1909f56bfc062723c751e8b465ee728b)  -> (artifact id: '3b87daaa5d6c1e44bd5eb21a0cc84e78') in 0.008655 seconds 
========================================================================
Received Import Request.
  Time since last request: 0.000043 seconds.
  path: Assets/Medieval Fortification/Textures/Fortification_Gate_DoorR_MetallicSmoothness.png
  artifactKey: Guid(f28d528a0dc23d947b4a163eddb98f29) Importer(815301076,1909f56bfc062723c751e8b465ee728b)
Start importing Assets/Medieval Fortification/Textures/Fortification_Gate_DoorR_MetallicSmoothness.png using Guid(f28d528a0dc23d947b4a163eddb98f29) Importer(815301076,1909f56bfc062723c751e8b465ee728b)  -> (artifact id: '1f6a0dfc0ba6aee2f2ae2c7fd0fdee34') in 0.377811 seconds 
========================================================================
Received Import Request.
  Time since last request: 0.000033 seconds.
  path: Assets/NatureStarterKit2/Nature/tree03_Textures/shadow.png
  artifactKey: Guid(fa29af801d4654e469207cffeea8e8cf) Importer(815301076,1909f56bfc062723c751e8b465ee728b)
Start importing Assets/NatureStarterKit2/Nature/tree03_Textures/shadow.png using Guid(fa29af801d4654e469207cffeea8e8cf) Importer(815301076,1909f56bfc062723c751e8b465ee728b)  -> (artifact id: 'c9c470f2a7b47fbe64384b18ca129235') in 0.017381 seconds 
========================================================================
Received Import Request.
  Time since last request: 0.000042 seconds.
  path: Assets/NatureStarterKit2/Standard Assets/Effects/ImageEffects/Textures/RandomVectors.png
  artifactKey: Guid(a181ca8e3c62f3e4b8f183f6c586b032) Importer(815301076,1909f56bfc062723c751e8b465ee728b)
Start importing Assets/NatureStarterKit2/Standard Assets/Effects/ImageEffects/Textures/RandomVectors.png using Guid(a181ca8e3c62f3e4b8f183f6c586b032) Importer(815301076,1909f56bfc062723c751e8b465ee728b)  -> (artifact id: '2a4e2b53e921bdb09f5b6e3566c448b3') in 0.026315 seconds 
========================================================================
Received Import Request.
  Time since last request: 0.000034 seconds.
  path: Assets/Medieval Fortification/Show/Lightmap-0_comp_light.exr
  artifactKey: Guid(20d9224dbad14c4409469ca68cf40d74) Importer(815301076,1909f56bfc062723c751e8b465ee728b)
Start importing Assets/Medieval Fortification/Show/Lightmap-0_comp_light.exr using Guid(20d9224dbad14c4409469ca68cf40d74) Importer(815301076,1909f56bfc062723c751e8b465ee728b)  -> (artifact id: '48f15c80e894742393fe6d2bb66ad4a1') in 0.044650 seconds 
========================================================================
Received Import Request.
  Time since last request: 0.000049 seconds.
  path: Assets/NatureStarterKit2/Nature/bush05_Textures/shadow.png
  artifactKey: Guid(dd66a18c48485c04081d7545c87b5804) Importer(815301076,1909f56bfc062723c751e8b465ee728b)
Start importing Assets/NatureStarterKit2/Nature/bush05_Textures/shadow.png using Guid(dd66a18c48485c04081d7545c87b5804) Importer(815301076,1909f56bfc062723c751e8b465ee728b)  -> (artifact id: '2a0468566234648d821a307ed03b98f8') in 0.013594 seconds 
========================================================================
Received Import Request.
  Time since last request: 0.000043 seconds.
  path: Assets/NatureStarterKit2/Nature/bush06_Textures/diffuse.png
  artifactKey: Guid(c40a1e1e56a4e2a48880f0c13f4af075) Importer(815301076,1909f56bfc062723c751e8b465ee728b)
Start importing Assets/NatureStarterKit2/Nature/bush06_Textures/diffuse.png using Guid(c40a1e1e56a4e2a48880f0c13f4af075) Importer(815301076,1909f56bfc062723c751e8b465ee728b)  -> (artifact id: 'd789d40820fb2b7713d578a966fe2b5a') in 0.019199 seconds 
========================================================================
Received Import Request.
  Time since last request: 0.000028 seconds.
  path: Assets/NatureStarterKit2/Nature/bush06_Textures/shadow.png
  artifactKey: Guid(d98f7f433a35e2644b3737f5b6abbe8a) Importer(815301076,1909f56bfc062723c751e8b465ee728b)
Start importing Assets/NatureStarterKit2/Nature/bush06_Textures/shadow.png using Guid(d98f7f433a35e2644b3737f5b6abbe8a) Importer(815301076,1909f56bfc062723c751e8b465ee728b)  -> (artifact id: '76d02711e964cba0135f45446c4d8fdd') in 0.014119 seconds 
========================================================================
Received Import Request.
  Time since last request: 0.000087 seconds.
  path: Assets/Medieval Fortification/Show/Lightmap-3_comp_dir.png
  artifactKey: Guid(251a6e7f434fa0d4b850020b8f113737) Importer(815301076,1909f56bfc062723c751e8b465ee728b)
Start importing Assets/Medieval Fortification/Show/Lightmap-3_comp_dir.png using Guid(251a6e7f434fa0d4b850020b8f113737) Importer(815301076,1909f56bfc062723c751e8b465ee728b)  -> (artifact id: '29823d77df2ea54aa859cffaace4f582') in 0.028234 seconds 
========================================================================
Received Import Request.
  Time since last request: 0.000050 seconds.
  path: Assets/NatureStarterKit2/Nature/bush04_Textures/normal_specular.png
  artifactKey: Guid(198f2f9f3ce914b4196c142c0614649f) Importer(815301076,1909f56bfc062723c751e8b465ee728b)
Start importing Assets/NatureStarterKit2/Nature/bush04_Textures/normal_specular.png using Guid(198f2f9f3ce914b4196c142c0614649f) Importer(815301076,1909f56bfc062723c751e8b465ee728b)  -> (artifact id: '122377053feb9e42c6d7bafabb49ed10') in 0.013664 seconds 
========================================================================
Received Import Request.
  Time since last request: 0.000063 seconds.
  path: Assets/NatureStarterKit2/Nature/bush04_Textures/shadow.png
  artifactKey: Guid(ee879bd20f6819143a6527d0c880ac6e) Importer(815301076,1909f56bfc062723c751e8b465ee728b)
Start importing Assets/NatureStarterKit2/Nature/bush04_Textures/shadow.png using Guid(ee879bd20f6819143a6527d0c880ac6e) Importer(815301076,1909f56bfc062723c751e8b465ee728b)  -> (artifact id: 'f161349078bba4c03f1d88a95b34a2d1') in 0.013151 seconds 
========================================================================
Received Import Request.
  Time since last request: 0.000038 seconds.
  path: Assets/Medieval Fortification/Textures/Fortification_Tower_Front_Albedo.png
  artifactKey: Guid(412d7734df007f846abdb4fd2c8ae9cc) Importer(815301076,1909f56bfc062723c751e8b465ee728b)
Start importing Assets/Medieval Fortification/Textures/Fortification_Tower_Front_Albedo.png using Guid(412d7734df007f846abdb4fd2c8ae9cc) Importer(815301076,1909f56bfc062723c751e8b465ee728b)  -> (artifact id: 'a1bcc9f1f1312acf60cc35576258c1ea') in 0.497604 seconds 
========================================================================
Received Import Request.
  Time since last request: 0.000025 seconds.
  path: Assets/NatureStarterKit2/Nature/tree04_Textures/translucency_gloss.png
  artifactKey: Guid(867a9bb6289eac041a67ad5218a3307e) Importer(815301076,1909f56bfc062723c751e8b465ee728b)
Start importing Assets/NatureStarterKit2/Nature/tree04_Textures/translucency_gloss.png using Guid(867a9bb6289eac041a67ad5218a3307e) Importer(815301076,1909f56bfc062723c751e8b465ee728b)  -> (artifact id: '53cfe8db978d4e454ae5531826200899') in 0.011170 seconds 
========================================================================
Received Import Request.
  Time since last request: 0.000035 seconds.
  path: Assets/NatureStarterKit2/Standard Assets/Effects/LightCookies/Textures/FlashlightCookie.tif
  artifactKey: Guid(2c29c08dd1c0b6749b7cd0fcff7a29fd) Importer(815301076,1909f56bfc062723c751e8b465ee728b)
Start importing Assets/NatureStarterKit2/Standard Assets/Effects/LightCookies/Textures/FlashlightCookie.tif using Guid(2c29c08dd1c0b6749b7cd0fcff7a29fd) Importer(815301076,1909f56bfc062723c751e8b465ee728b)  -> (artifact id: 'ba0ea69ddc8583105eff3190628be608') in 0.044693 seconds 
========================================================================
Received Import Request.
  Time since last request: 0.000034 seconds.
  path: Assets/Medieval Fortification/Show/ReflectionProbe-0.exr
  artifactKey: Guid(f87b13dbe74d9db4eac9db82964485fd) Importer(815301076,1909f56bfc062723c751e8b465ee728b)
Start importing Assets/Medieval Fortification/Show/ReflectionProbe-0.exr using Guid(f87b13dbe74d9db4eac9db82964485fd) Importer(815301076,1909f56bfc062723c751e8b465ee728b)  -> (artifact id: '780e5ff69f30f9028d95792c80850c39') in 0.057640 seconds 
========================================================================
Received Import Request.
  Time since last request: 0.000034 seconds.
  path: Assets/NatureStarterKit2/Standard Assets/Effects/GlassRefraction/Textures/GlassStainedNormals.tif
  artifactKey: Guid(4b8d081e9d114c7f1100f5ab44295342) Importer(815301076,1909f56bfc062723c751e8b465ee728b)
Start importing Assets/NatureStarterKit2/Standard Assets/Effects/GlassRefraction/Textures/GlassStainedNormals.tif using Guid(4b8d081e9d114c7f1100f5ab44295342) Importer(815301076,1909f56bfc062723c751e8b465ee728b)  -> (artifact id: 'a17128088293cdb4440033b625853c6d') in 0.016801 seconds 
========================================================================
Received Import Request.
  Time since last request: 0.000028 seconds.
  path: Assets/NatureStarterKit2/Standard Assets/Effects/ImageEffects/Textures/Neutral3D16.png
  artifactKey: Guid(a4b474cd484494a4aaa4bbf928219d09) Importer(815301076,1909f56bfc062723c751e8b465ee728b)
Start importing Assets/NatureStarterKit2/Standard Assets/Effects/ImageEffects/Textures/Neutral3D16.png using Guid(a4b474cd484494a4aaa4bbf928219d09) Importer(815301076,1909f56bfc062723c751e8b465ee728b)  -> (artifact id: 'f74cfed82364312cc8ca30ffe3646e5e') in 0.020827 seconds 
========================================================================
Received Import Request.
  Time since last request: 0.000068 seconds.
  path: Assets/septimus/textures/septimus_emission.tga
  artifactKey: Guid(b7b5fbdcc1d928a4191a32b0cc7731d3) Importer(815301076,1909f56bfc062723c751e8b465ee728b)
Start importing Assets/septimus/textures/septimus_emission.tga using Guid(b7b5fbdcc1d928a4191a32b0cc7731d3) Importer(815301076,1909f56bfc062723c751e8b465ee728b)  -> (artifact id: '09d0244808fbecdd10b00a19737d1211') in 0.016964 seconds 
========================================================================
Received Import Request.
  Time since last request: 0.000024 seconds.
  path: Assets/NatureStarterKit2/Nature/bush01_Textures/shadow.png
  artifactKey: Guid(601b2261c9f9ef0438b1966de0080c95) Importer(815301076,1909f56bfc062723c751e8b465ee728b)
Start importing Assets/NatureStarterKit2/Nature/bush01_Textures/shadow.png using Guid(601b2261c9f9ef0438b1966de0080c95) Importer(815301076,1909f56bfc062723c751e8b465ee728b)  -> (artifact id: 'bcddfaae40b16bc53b4e1a465a5a06c1') in 0.010167 seconds 
========================================================================
Received Import Request.
  Time since last request: 0.000028 seconds.
  path: Assets/NatureStarterKit2/Nature/tree01_Textures/shadow.png
  artifactKey: Guid(be1ad731c04407f45b029b05b032834f) Importer(815301076,1909f56bfc062723c751e8b465ee728b)
Start importing Assets/NatureStarterKit2/Nature/tree01_Textures/shadow.png using Guid(be1ad731c04407f45b029b05b032834f) Importer(815301076,1909f56bfc062723c751e8b465ee728b)  -> (artifact id: '1b639afff20455b7eaddc915fcedf13d') in 0.010213 seconds 
========================================================================
Received Import Request.
  Time since last request: 0.000044 seconds.
  path: Assets/Greid/textures/Greid_normal.tga
  artifactKey: Guid(8588acd09e2e52a4f8f6c923ce256486) Importer(815301076,1909f56bfc062723c751e8b465ee728b)
Start importing Assets/Greid/textures/Greid_normal.tga using Guid(8588acd09e2e52a4f8f6c923ce256486) Importer(815301076,1909f56bfc062723c751e8b465ee728b)  -> (artifact id: '73a28d8688864fcffa8c444592868f1c') in 0.101888 seconds 
========================================================================
Received Import Request.
  Time since last request: 0.000046 seconds.
  path: Assets/NatureStarterKit2/Standard Assets/Effects/LightCookies/Textures/LightSquareCookie.psd
  artifactKey: Guid(69680b688d11eb9d30009b3b4241aa39) Importer(815301076,1909f56bfc062723c751e8b465ee728b)
Start importing Assets/NatureStarterKit2/Standard Assets/Effects/LightCookies/Textures/LightSquareCookie.psd using Guid(69680b688d11eb9d30009b3b4241aa39) Importer(815301076,1909f56bfc062723c751e8b465ee728b)  -> (artifact id: '634564443fadb077509b597fc2eb3794') in 0.023076 seconds 
========================================================================
Received Import Request.
  Time since last request: 0.000020 seconds.
  path: Assets/NatureStarterKit2/Nature/bush06_Textures/normal_specular.png
  artifactKey: Guid(49660356ce0eb774b9277274d7a54b6e) Importer(815301076,1909f56bfc062723c751e8b465ee728b)
Start importing Assets/NatureStarterKit2/Nature/bush06_Textures/normal_specular.png using Guid(49660356ce0eb774b9277274d7a54b6e) Importer(815301076,1909f56bfc062723c751e8b465ee728b)  -> (artifact id: '93f3a28e653bf969badd35356c792824') in 0.012871 seconds 
========================================================================
Received Import Request.
  Time since last request: 0.000034 seconds.
  path: Assets/NatureStarterKit2/Standard Assets/Effects/LightCookies/Textures/FlashlightIrregularCookie.tif
  artifactKey: Guid(641bb2dce818a8a499b537a1963889ac) Importer(815301076,1909f56bfc062723c751e8b465ee728b)
Start importing Assets/NatureStarterKit2/Standard Assets/Effects/LightCookies/Textures/FlashlightIrregularCookie.tif using Guid(641bb2dce818a8a499b537a1963889ac) Importer(815301076,1909f56bfc062723c751e8b465ee728b)  -> (artifact id: 'dea93f618242127e67176942a7abf3ba') in 0.028221 seconds 
========================================================================
Received Import Request.
  Time since last request: 0.000036 seconds.
  path: Assets/NatureStarterKit2/Nature/tree04_Textures/normal_specular.png
  artifactKey: Guid(4561489a3ef42ad4eae5f6167fc00c76) Importer(815301076,1909f56bfc062723c751e8b465ee728b)
Start importing Assets/NatureStarterKit2/Nature/tree04_Textures/normal_specular.png using Guid(4561489a3ef42ad4eae5f6167fc00c76) Importer(815301076,1909f56bfc062723c751e8b465ee728b)  -> (artifact id: '7527c5531128d82852765c103f880f09') in 0.013215 seconds 
========================================================================
Received Import Request.
  Time since last request: 0.000030 seconds.
  path: Assets/Greid/documentation/PS_Layers/Layer6_Shield_Red.png
  artifactKey: Guid(4726a0613f70bda49aae8ebb56f77812) Importer(815301076,1909f56bfc062723c751e8b465ee728b)
Start importing Assets/Greid/documentation/PS_Layers/Layer6_Shield_Red.png using Guid(4726a0613f70bda49aae8ebb56f77812) Importer(815301076,1909f56bfc062723c751e8b465ee728b)  -> (artifact id: '119431546777ee5af6ac055a7196daf2') in 0.038773 seconds 
========================================================================
Received Import Request.
  Time since last request: 0.000053 seconds.
  path: Assets/Medieval Fortification/Textures/Fortification_Gate_DoorR_Albedo.png
  artifactKey: Guid(394403818874f894ea75b0f1900efec6) Importer(815301076,1909f56bfc062723c751e8b465ee728b)
Start importing Assets/Medieval Fortification/Textures/Fortification_Gate_DoorR_Albedo.png using Guid(394403818874f894ea75b0f1900efec6) Importer(815301076,1909f56bfc062723c751e8b465ee728b)  -> (artifact id: '48104319a9353f01f9c945d6c6da5c2a') in 0.724986 seconds 
========================================================================
Received Import Request.
  Time since last request: 0.000032 seconds.
  path: Assets/Greid/documentation/PS_Layers/Layer3_Tattoo_B.png
  artifactKey: Guid(1f139542e82f822409c2788ffa1647d7) Importer(815301076,1909f56bfc062723c751e8b465ee728b)
Start importing Assets/Greid/documentation/PS_Layers/Layer3_Tattoo_B.png using Guid(1f139542e82f822409c2788ffa1647d7) Importer(815301076,1909f56bfc062723c751e8b465ee728b)  -> (artifact id: 'cdeb7d067a93b834fda61ccf1508bc7b') in 0.044416 seconds 
========================================================================
Received Import Request.
  Time since last request: 0.000118 seconds.
  path: Assets/Medieval Fortification/Textures/Fortification_Wall_Normal.png
  artifactKey: Guid(4e18b43092cbd5048b6ea5cda87611f9) Importer(815301076,1909f56bfc062723c751e8b465ee728b)
Start importing Assets/Medieval Fortification/Textures/Fortification_Wall_Normal.png using Guid(4e18b43092cbd5048b6ea5cda87611f9) Importer(815301076,1909f56bfc062723c751e8b465ee728b)  -> (artifact id: '7f6034d17c8ebc2bda1b25bb90de6fa5') in 0.049421 seconds 
========================================================================
Received Import Request.
  Time since last request: 0.000025 seconds.
  path: Assets/Medieval Fortification/Show/Lightmap-2_comp_light.exr
  artifactKey: Guid(62aef0905d55895468f6e0825a52eacf) Importer(815301076,1909f56bfc062723c751e8b465ee728b)
Start importing Assets/Medieval Fortification/Show/Lightmap-2_comp_light.exr using Guid(62aef0905d55895468f6e0825a52eacf) Importer(815301076,1909f56bfc062723c751e8b465ee728b)  -> (artifact id: 'dc5e7c305b3a1e4b3706abf382a82432') in 0.028990 seconds 
========================================================================
Received Import Request.
  Time since last request: 0.000021 seconds.
  path: Assets/NatureStarterKit2/Standard Assets/Effects/ImageEffects/Textures/NoiseEffectScratch.png
  artifactKey: Guid(6205c27cc031f4e66b8ea90d1bfaa158) Importer(815301076,1909f56bfc062723c751e8b465ee728b)
Start importing Assets/NatureStarterKit2/Standard Assets/Effects/ImageEffects/Textures/NoiseEffectScratch.png using Guid(6205c27cc031f4e66b8ea90d1bfaa158) Importer(815301076,1909f56bfc062723c751e8b465ee728b)  -> (artifact id: 'f87c05950cd59575a33b4dc4f00c9865') in 0.022849 seconds 
========================================================================
Received Import Request.
  Time since last request: 0.000057 seconds.
  path: Assets/NatureStarterKit2/Standard Assets/Effects/LightCookies/Textures/LightSoftCookie.tif
  artifactKey: Guid(8caa437b19957a045866b84c6218a0db) Importer(815301076,1909f56bfc062723c751e8b465ee728b)
Start importing Assets/NatureStarterKit2/Standard Assets/Effects/LightCookies/Textures/LightSoftCookie.tif using Guid(8caa437b19957a045866b84c6218a0db) Importer(815301076,1909f56bfc062723c751e8b465ee728b)  -> (artifact id: '8a09db46fb5f8704431599400f5d6687') in 0.029257 seconds 
========================================================================
Received Import Request.
  Time since last request: 0.000042 seconds.
  path: Assets/Medieval Fortification/Show/Lightmap-2_comp_dir.png
  artifactKey: Guid(fab491d517d9d9f49a12be2b984e4c14) Importer(815301076,1909f56bfc062723c751e8b465ee728b)
Start importing Assets/Medieval Fortification/Show/Lightmap-2_comp_dir.png using Guid(fab491d517d9d9f49a12be2b984e4c14) Importer(815301076,1909f56bfc062723c751e8b465ee728b)  -> (artifact id: 'f7615511a02d7345b1f9bd868bd4b738') in 0.045655 seconds 
========================================================================
Received Import Request.
  Time since last request: 0.000057 seconds.
  path: Assets/Medieval Fortification/Show/Lightmap-3_comp_light.exr
  artifactKey: Guid(ad8460f9c1c9d184b8e922222c976cc0) Importer(815301076,1909f56bfc062723c751e8b465ee728b)
Start importing Assets/Medieval Fortification/Show/Lightmap-3_comp_light.exr using Guid(ad8460f9c1c9d184b8e922222c976cc0) Importer(815301076,1909f56bfc062723c751e8b465ee728b)  -> (artifact id: '7fa44e6302c02d463490476d86d3b98c') in 0.077533 seconds 
========================================================================
Received Import Request.
  Time since last request: 0.000033 seconds.
  path: Assets/NatureStarterKit2/Standard Assets/Effects/Projectors/Textures/Shadow.psd
  artifactKey: Guid(68386fc9897223346a683105b4dc1662) Importer(815301076,1909f56bfc062723c751e8b465ee728b)
Start importing Assets/NatureStarterKit2/Standard Assets/Effects/Projectors/Textures/Shadow.psd using Guid(68386fc9897223346a683105b4dc1662) Importer(815301076,1909f56bfc062723c751e8b465ee728b)  -> (artifact id: 'a159100f80f61a73078af48e6b75231f') in 0.016785 seconds 
========================================================================
Received Import Request.
  Time since last request: 0.000024 seconds.
  path: Assets/NatureStarterKit2/Standard Assets/Effects/GlassRefraction/Textures/GlassStainedAlbedo.tif
  artifactKey: Guid(19555d7d9d114c7f1100f5ab44295342) Importer(815301076,1909f56bfc062723c751e8b465ee728b)
Start importing Assets/NatureStarterKit2/Standard Assets/Effects/GlassRefraction/Textures/GlassStainedAlbedo.tif using Guid(19555d7d9d114c7f1100f5ab44295342) Importer(815301076,1909f56bfc062723c751e8b465ee728b)  -> (artifact id: 'f2ef2e009c4b97203dc91f140af262d1') in 0.021855 seconds 
========================================================================
Received Import Request.
  Time since last request: 0.000091 seconds.
  path: Assets/NatureStarterKit2/Nature/bush04_Textures/diffuse.png
  artifactKey: Guid(1bc291dddd73b3546b8d909b1c407553) Importer(815301076,1909f56bfc062723c751e8b465ee728b)
Start importing Assets/NatureStarterKit2/Nature/bush04_Textures/diffuse.png using Guid(1bc291dddd73b3546b8d909b1c407553) Importer(815301076,1909f56bfc062723c751e8b465ee728b)  -> (artifact id: '306cb342382d3b565d0c6d3034dd1b86') in 0.010880 seconds 
========================================================================
Received Import Request.
  Time since last request: 0.000029 seconds.
  path: Assets/Medieval Fortification/Textures/Fortification_Gate_Wall_MetallicSmoothness.png
  artifactKey: Guid(11ffc625f0bc9a244bd54e2636a74d44) Importer(815301076,1909f56bfc062723c751e8b465ee728b)
Start importing Assets/Medieval Fortification/Textures/Fortification_Gate_Wall_MetallicSmoothness.png using Guid(11ffc625f0bc9a244bd54e2636a74d44) Importer(815301076,1909f56bfc062723c751e8b465ee728b)  -> (artifact id: 'd30bd3d65632ddb4c0bd543f0a6d5bb9') in 0.499234 seconds 
========================================================================
Received Prepare
Registering precompiled user dll's ...
Registered in 0.007781 seconds.
Begin MonoManager ReloadAssembly
Symbol file LoadedFromMemory doesn't match image C:\Users\csmol\Documents\CombatSystemDemo\Library\PackageCache\com.unity.visualscripting@1.7.8\Editor\VisualScripting.Core\Dependencies\YamlDotNet\Unity.VisualScripting.YamlDotNet.dll
Symbol file LoadedFromMemory doesn't match image C:\Users\csmol\Documents\CombatSystemDemo\Library\PackageCache\com.unity.visualscripting@1.7.8\Editor\VisualScripting.Core\Dependencies\DotNetZip\Unity.VisualScripting.IonicZip.dll
Native extension for WindowsStandalone target not found
Refreshing native plugins compatible for Editor in 0.59 ms, found 3 plugins.
Preloading 0 native plugins for Editor in 0.00 ms.
Mono: successfully reloaded assembly
- Completed reload, in  1.349 seconds
Domain Reload Profiling:
	ReloadAssembly (1350ms)
		BeginReloadAssembly (161ms)
			ExecutionOrderSort (0ms)
			DisableScriptedObjects (7ms)
			BackupInstance (0ms)
			ReleaseScriptingObjects (0ms)
			CreateAndSetChildDomain (44ms)
		EndReloadAssembly (1062ms)
			LoadAssemblies (104ms)
			RebuildTransferFunctionScriptingTraits (0ms)
			SetupTypeCache (418ms)
			ReleaseScriptCaches (1ms)
			RebuildScriptCaches (52ms)
			SetupLoadedEditorAssemblies (431ms)
				LogAssemblyErrors (0ms)
				InitializePlatformSupportModulesInManaged (14ms)
				SetLoadedEditorAssemblies (1ms)
				RefreshPlugins (1ms)
				BeforeProcessingInitializeOnLoad (95ms)
				ProcessInitializeOnLoadAttributes (273ms)
				ProcessInitializeOnLoadMethodAttributes (37ms)
				AfterProcessingInitializeOnLoad (10ms)
				EditorAssembliesLoaded (0ms)
			ExecutionOrderSort2 (0ms)
			AwakeInstancesAfterBackupRestoration (8ms)
Platform modules already initialized, skipping
Refreshing native plugins compatible for Editor in 4.92 ms, found 3 plugins.
Preloading 0 native plugins for Editor in 0.00 ms.
Unloading 3431 Unused Serialized files (Serialized files now loaded: 0)
Unloading 22 unused Assets / (438.5 KB). Loaded Objects now: 4039.
Memory consumption went from 153.8 MB to 153.4 MB.
Total: 7.734300 ms (FindLiveObjects: 0.433000 ms CreateObjectMapping: 0.349300 ms MarkObjects: 6.304000 ms  DeleteObjects: 0.646300 ms)

AssetImportParameters requested are different than current active one (requested -> active):
  custom:video-decoder-ogg-theora: a1e56fd34408186e4bbccfd4996cb3dc -> 
  custom:container-muxer-webm: aa71ff27fc2769a1b78a27578f13a17b -> 
  custom:container-demuxer-webm: 4f35f7cbe854078d1ac9338744f61a02 -> 
  custom:video-encoder-webm-vp8: eb34c28f22e8b96e1ab97ce403110664 -> 
  custom:video-codec-MediaFoundation-h265: 746d11721c4dcdbdad8f713fa42b33f4 -> 
  custom:audio-encoder-webm-vorbis: bf7c407c2cedff20999df2af8eb42d56 -> 
  custom:framework-win-MediaFoundation: 216162199b28c13a410421893ffa2e32 -> 
  custom:container-demuxer-ogg: 62fdf1f143b41e24485cea50d1cbac27 -> 
  custom:video-decoder-webm-vp8: 9c59270c3fd7afecdb556c50c9e8de78 -> 
  custom:audio-decoder-ogg-vorbis: bf7c407c2cedff20999df2af8eb42d56 -> 
========================================================================
Received Prepare
Registering precompiled user dll's ...
Registered in 0.008749 seconds.
Begin MonoManager ReloadAssembly
Symbol file LoadedFromMemory doesn't match image C:\Users\csmol\Documents\CombatSystemDemo\Library\PackageCache\com.unity.visualscripting@1.7.8\Editor\VisualScripting.Core\Dependencies\YamlDotNet\Unity.VisualScripting.YamlDotNet.dll
Symbol file LoadedFromMemory doesn't match image C:\Users\csmol\Documents\CombatSystemDemo\Library\PackageCache\com.unity.visualscripting@1.7.8\Editor\VisualScripting.Core\Dependencies\DotNetZip\Unity.VisualScripting.IonicZip.dll
Native extension for WindowsStandalone target not found
Refreshing native plugins compatible for Editor in 0.74 ms, found 3 plugins.
Preloading 0 native plugins for Editor in 0.00 ms.
Mono: successfully reloaded assembly
- Completed reload, in  1.717 seconds
Domain Reload Profiling:
	ReloadAssembly (1718ms)
		BeginReloadAssembly (192ms)
			ExecutionOrderSort (0ms)
			DisableScriptedObjects (7ms)
			BackupInstance (0ms)
			ReleaseScriptingObjects (0ms)
			CreateAndSetChildDomain (48ms)
		EndReloadAssembly (1392ms)
			LoadAssemblies (124ms)
			RebuildTransferFunctionScriptingTraits (0ms)
			SetupTypeCache (436ms)
			ReleaseScriptCaches (2ms)
			RebuildScriptCaches (81ms)
			SetupLoadedEditorAssemblies (673ms)
				LogAssemblyErrors (0ms)
				InitializePlatformSupportModulesInManaged (21ms)
				SetLoadedEditorAssemblies (1ms)
				RefreshPlugins (1ms)
				BeforeProcessingInitializeOnLoad (125ms)
				ProcessInitializeOnLoadAttributes (459ms)
				ProcessInitializeOnLoadMethodAttributes (51ms)
				AfterProcessingInitializeOnLoad (15ms)
				EditorAssembliesLoaded (0ms)
			ExecutionOrderSort2 (0ms)
			AwakeInstancesAfterBackupRestoration (14ms)
Platform modules already initialized, skipping
Refreshing native plugins compatible for Editor in 5.50 ms, found 3 plugins.
Preloading 0 native plugins for Editor in 0.00 ms.
Unloading 3431 Unused Serialized files (Serialized files now loaded: 0)
Unloading 22 unused Assets / (462.1 KB). Loaded Objects now: 4042.
Memory consumption went from 153.9 MB to 153.4 MB.
Total: 9.971300 ms (FindLiveObjects: 0.459900 ms CreateObjectMapping: 0.436700 ms MarkObjects: 8.362900 ms  DeleteObjects: 0.709200 ms)

AssetImportParameters requested are different than current active one (requested -> active):
  custom:video-decoder-ogg-theora: a1e56fd34408186e4bbccfd4996cb3dc -> 
  custom:container-muxer-webm: aa71ff27fc2769a1b78a27578f13a17b -> 
  custom:container-demuxer-webm: 4f35f7cbe854078d1ac9338744f61a02 -> 
  custom:video-encoder-webm-vp8: eb34c28f22e8b96e1ab97ce403110664 -> 
  custom:video-codec-MediaFoundation-h265: 746d11721c4dcdbdad8f713fa42b33f4 -> 
  custom:audio-encoder-webm-vorbis: bf7c407c2cedff20999df2af8eb42d56 -> 
  custom:framework-win-MediaFoundation: 216162199b28c13a410421893ffa2e32 -> 
  custom:container-demuxer-ogg: 62fdf1f143b41e24485cea50d1cbac27 -> 
  custom:video-decoder-webm-vp8: 9c59270c3fd7afecdb556c50c9e8de78 -> 
  custom:audio-decoder-ogg-vorbis: bf7c407c2cedff20999df2af8eb42d56 -> 
