Using pre-set license
Built from '2021.3/release' branch; Version is '2021.3.12f1 (8af3c3e441b1) revision 9106371'; Using compiler version '192829333'; Build Type 'Release'
OS: 'Windows 10  (10.0.19044) 64bit Core' Language: 'en' Physical Memory: 16177 MB
BatchMode: 1, IsHumanControllingUs: 0, StartBugReporterOnCrash: 0, Is64bit: 1, IsPro: 1

COMMAND LINE ARGUMENTS:
C:\Program Files\Unity\Hub\Editor\2021.3.12f1\Editor\Unity.exe
-adb2
-batchMode
-noUpm
-name
AssetImportWorker1
-projectPath
C:/Users/csmol/Documents/CombatSystemDemo
-logFile
Logs/AssetImportWorker1.log
-srvPort
56919
Successfully changed project path to: C:/Users/csmol/Documents/CombatSystemDemo
C:/Users/csmol/Documents/CombatSystemDemo
[UnityMemory] Configuration Parameters - Can be set up in boot.config
    "memorysetup-bucket-allocator-granularity=16"
    "memorysetup-bucket-allocator-bucket-count=8"
    "memorysetup-bucket-allocator-block-size=33554432"
    "memorysetup-bucket-allocator-block-count=8"
    "memorysetup-main-allocator-block-size=16777216"
    "memorysetup-thread-allocator-block-size=16777216"
    "memorysetup-gfx-main-allocator-block-size=16777216"
    "memorysetup-gfx-thread-allocator-block-size=16777216"
    "memorysetup-cache-allocator-block-size=4194304"
    "memorysetup-typetree-allocator-block-size=2097152"
    "memorysetup-profiler-bucket-allocator-granularity=16"
    "memorysetup-profiler-bucket-allocator-bucket-count=8"
    "memorysetup-profiler-bucket-allocator-block-size=33554432"
    "memorysetup-profiler-bucket-allocator-block-count=8"
    "memorysetup-profiler-allocator-block-size=16777216"
    "memorysetup-profiler-editor-allocator-block-size=1048576"
    "memorysetup-temp-allocator-size-main=16777216"
    "memorysetup-job-temp-allocator-block-size=2097152"
    "memorysetup-job-temp-allocator-block-size-background=1048576"
    "memorysetup-job-temp-allocator-reduction-small-platforms=262144"
    "memorysetup-temp-allocator-size-background-worker=32768"
    "memorysetup-temp-allocator-size-job-worker=262144"
    "memorysetup-temp-allocator-size-preload-manager=33554432"
    "memorysetup-temp-allocator-size-nav-mesh-worker=65536"
    "memorysetup-temp-allocator-size-audio-worker=65536"
    "memorysetup-temp-allocator-size-cloud-worker=32768"
    "memorysetup-temp-allocator-size-gi-baking-worker=262144"
    "memorysetup-temp-allocator-size-gfx=262144"
Refreshing native plugins compatible for Editor in 244.05 ms, found 3 plugins.
Preloading 0 native plugins for Editor in 0.00 ms.
Initialize engine version: 2021.3.12f1 (8af3c3e441b1)
[Subsystems] Discovering subsystems at path C:/Program Files/Unity/Hub/Editor/2021.3.12f1/Editor/Data/Resources/UnitySubsystems
[Subsystems] Discovering subsystems at path C:/Users/csmol/Documents/CombatSystemDemo/Assets
GfxDevice: creating device client; threaded=0; jobified=0
Direct3D:
    Version:  Direct3D 11.0 [level 11.1]
    Renderer: NVIDIA GeForce RTX 2060 (ID=0x1f11)
    Vendor:   NVIDIA
    VRAM:     5980 MB
    Driver:   27.21.14.6618
Initialize mono
Mono path[0] = 'C:/Program Files/Unity/Hub/Editor/2021.3.12f1/Editor/Data/Managed'
Mono path[1] = 'C:/Program Files/Unity/Hub/Editor/2021.3.12f1/Editor/Data/MonoBleedingEdge/lib/mono/unityjit-win32'
Mono config path = 'C:/Program Files/Unity/Hub/Editor/2021.3.12f1/Editor/Data/MonoBleedingEdge/etc'
Using monoOptions --debugger-agent=transport=dt_socket,embedding=1,server=y,suspend=n,address=127.0.0.1:56488
Begin MonoManager ReloadAssembly
Registering precompiled unity dll's ...
Register platform support module: C:/Program Files/Unity/Hub/Editor/2021.3.12f1/Editor/Data/PlaybackEngines/WindowsStandaloneSupport/UnityEditor.WindowsStandalone.Extensions.dll
Registered in 0.019671 seconds.
Native extension for WindowsStandalone target not found
Refreshing native plugins compatible for Editor in 294.81 ms, found 3 plugins.
Preloading 0 native plugins for Editor in 0.00 ms.
Mono: successfully reloaded assembly
- Completed reload, in  2.188 seconds
Domain Reload Profiling:
	ReloadAssembly (2189ms)
		BeginReloadAssembly (271ms)
			ExecutionOrderSort (0ms)
			DisableScriptedObjects (0ms)
			BackupInstance (0ms)
			ReleaseScriptingObjects (0ms)
			CreateAndSetChildDomain (4ms)
		EndReloadAssembly (1601ms)
			LoadAssemblies (261ms)
			RebuildTransferFunctionScriptingTraits (0ms)
			SetupTypeCache (309ms)
			ReleaseScriptCaches (0ms)
			RebuildScriptCaches (88ms)
			SetupLoadedEditorAssemblies (1053ms)
				LogAssemblyErrors (0ms)
				InitializePlatformSupportModulesInManaged (28ms)
				SetLoadedEditorAssemblies (1ms)
				RefreshPlugins (295ms)
				BeforeProcessingInitializeOnLoad (5ms)
				ProcessInitializeOnLoadAttributes (550ms)
				ProcessInitializeOnLoadMethodAttributes (173ms)
				AfterProcessingInitializeOnLoad (0ms)
				EditorAssembliesLoaded (0ms)
			ExecutionOrderSort2 (0ms)
			AwakeInstancesAfterBackupRestoration (0ms)
Platform modules already initialized, skipping
Registering precompiled user dll's ...
Registered in 0.021368 seconds.
Begin MonoManager ReloadAssembly
Symbol file LoadedFromMemory doesn't match image C:\Users\csmol\Documents\CombatSystemDemo\Library\PackageCache\com.unity.visualscripting@1.7.8\Editor\VisualScripting.Core\Dependencies\YamlDotNet\Unity.VisualScripting.YamlDotNet.dll
Symbol file LoadedFromMemory doesn't match image C:\Users\csmol\Documents\CombatSystemDemo\Library\PackageCache\com.unity.visualscripting@1.7.8\Editor\VisualScripting.Core\Dependencies\DotNetZip\Unity.VisualScripting.IonicZip.dll
Native extension for WindowsStandalone target not found
Refreshing native plugins compatible for Editor in 1.63 ms, found 3 plugins.
Preloading 0 native plugins for Editor in 0.00 ms.
Mono: successfully reloaded assembly
- Completed reload, in  3.887 seconds
Domain Reload Profiling:
	ReloadAssembly (3891ms)
		BeginReloadAssembly (313ms)
			ExecutionOrderSort (0ms)
			DisableScriptedObjects (16ms)
			BackupInstance (0ms)
			ReleaseScriptingObjects (0ms)
			CreateAndSetChildDomain (50ms)
		EndReloadAssembly (3116ms)
			LoadAssemblies (248ms)
			RebuildTransferFunctionScriptingTraits (0ms)
			SetupTypeCache (1133ms)
			ReleaseScriptCaches (2ms)
			RebuildScriptCaches (178ms)
			SetupLoadedEditorAssemblies (1375ms)
				LogAssemblyErrors (0ms)
				InitializePlatformSupportModulesInManaged (20ms)
				SetLoadedEditorAssemblies (2ms)
				RefreshPlugins (2ms)
				BeforeProcessingInitializeOnLoad (365ms)
				ProcessInitializeOnLoadAttributes (845ms)
				ProcessInitializeOnLoadMethodAttributes (110ms)
				AfterProcessingInitializeOnLoad (29ms)
				EditorAssembliesLoaded (1ms)
			ExecutionOrderSort2 (0ms)
			AwakeInstancesAfterBackupRestoration (18ms)
Platform modules already initialized, skipping
========================================================================
Worker process is ready to serve import requests
Launched and connected shader compiler UnityShaderCompiler.exe after 0.12 seconds
Refreshing native plugins compatible for Editor in 1.60 ms, found 3 plugins.
Preloading 0 native plugins for Editor in 0.00 ms.
Unloading 3507 Unused Serialized files (Serialized files now loaded: 0)
Unloading 29 unused Assets / (469.7 KB). Loaded Objects now: 3982.
Memory consumption went from 149.3 MB to 148.8 MB.
Total: 8.880400 ms (FindLiveObjects: 0.489500 ms CreateObjectMapping: 0.390700 ms MarkObjects: 7.399600 ms  DeleteObjects: 0.598300 ms)

AssetImportParameters requested are different than current active one (requested -> active):
  custom:video-decoder-ogg-theora: a1e56fd34408186e4bbccfd4996cb3dc -> 
  custom:container-muxer-webm: aa71ff27fc2769a1b78a27578f13a17b -> 
  custom:container-demuxer-webm: 4f35f7cbe854078d1ac9338744f61a02 -> 
  custom:video-encoder-webm-vp8: eb34c28f22e8b96e1ab97ce403110664 -> 
  custom:video-codec-MediaFoundation-h265: 746d11721c4dcdbdad8f713fa42b33f4 -> 
  custom:audio-encoder-webm-vorbis: bf7c407c2cedff20999df2af8eb42d56 -> 
  custom:framework-win-MediaFoundation: 216162199b28c13a410421893ffa2e32 -> 
  custom:container-demuxer-ogg: 62fdf1f143b41e24485cea50d1cbac27 -> 
  custom:video-decoder-webm-vp8: 9c59270c3fd7afecdb556c50c9e8de78 -> 
  custom:audio-decoder-ogg-vorbis: bf7c407c2cedff20999df2af8eb42d56 -> 
========================================================================
Received Import Request.
  Time since last request: 7020.521597 seconds.
  path: Assets/Medieval Fortification/Prefabs/Fortification_Demo.prefab
  artifactKey: Guid(785a9490449c6894ca2821159f46fc6d) Importer(815301076,1909f56bfc062723c751e8b465ee728b)
Start importing Assets/Medieval Fortification/Prefabs/Fortification_Demo.prefab using Guid(785a9490449c6894ca2821159f46fc6d) Importer(815301076,1909f56bfc062723c751e8b465ee728b)  -> (artifact id: '33b92a932d3e2cd6a22a82c586e5b3ca') in 2.903841 seconds 
========================================================================
Received Import Request.
  Time since last request: 1442.275408 seconds.
  path: Assets/septimus/prefabs/septimus_prefab.prefab
  artifactKey: Guid(7cd1efa73fdaf8d44b9780c3c57f0508) Importer(815301076,1909f56bfc062723c751e8b465ee728b)
Start importing Assets/septimus/prefabs/septimus_prefab.prefab using Guid(7cd1efa73fdaf8d44b9780c3c57f0508) Importer(815301076,1909f56bfc062723c751e8b465ee728b)  -> (artifact id: '5e253e593e5372a397332bc8bf42f320') in 0.274991 seconds 
========================================================================
Received Import Request.
  Time since last request: 1.858774 seconds.
  path: Assets/_TerrainAutoUpgrade/layer_ground038f9406e577a89d2d.terrainlayer
  artifactKey: Guid(50d85267ad0e3ea4dbd3914db3c9f1a8) Importer(815301076,1909f56bfc062723c751e8b465ee728b)
Start importing Assets/_TerrainAutoUpgrade/layer_ground038f9406e577a89d2d.terrainlayer using Guid(50d85267ad0e3ea4dbd3914db3c9f1a8) Importer(815301076,1909f56bfc062723c751e8b465ee728b)  -> (artifact id: '0c566034a4b27e955e69b3cf07af5bc4') in 0.026169 seconds 
========================================================================
Received Import Request.
  Time since last request: 0.000018 seconds.
  path: Assets/_TerrainAutoUpgrade/layer_ground01793646612c42751.terrainlayer
  artifactKey: Guid(6bd07394137fc3040a76aff85860a941) Importer(815301076,1909f56bfc062723c751e8b465ee728b)
Start importing Assets/_TerrainAutoUpgrade/layer_ground01793646612c42751.terrainlayer using Guid(6bd07394137fc3040a76aff85860a941) Importer(815301076,1909f56bfc062723c751e8b465ee728b)  -> (artifact id: 'c9dd5496674f7aae9f75785342dd3ff7') in 0.013162 seconds 
========================================================================
Received Import Request.
  Time since last request: 0.593571 seconds.
  path: Assets/Greid/Greid_prefab.prefab
  artifactKey: Guid(00b9c55f7e067844089dd0f1f8db5eb2) Importer(815301076,1909f56bfc062723c751e8b465ee728b)
Start importing Assets/Greid/Greid_prefab.prefab using Guid(00b9c55f7e067844089dd0f1f8db5eb2) Importer(815301076,1909f56bfc062723c751e8b465ee728b)  -> (artifact id: '51391512beb683219812b97a679ffc39') in 0.556156 seconds 
========================================================================
Received Prepare
Registering precompiled user dll's ...
Registered in 0.008682 seconds.
Begin MonoManager ReloadAssembly
Symbol file LoadedFromMemory doesn't match image C:\Users\csmol\Documents\CombatSystemDemo\Library\PackageCache\com.unity.visualscripting@1.7.8\Editor\VisualScripting.Core\Dependencies\YamlDotNet\Unity.VisualScripting.YamlDotNet.dll
Symbol file LoadedFromMemory doesn't match image C:\Users\csmol\Documents\CombatSystemDemo\Library\PackageCache\com.unity.visualscripting@1.7.8\Editor\VisualScripting.Core\Dependencies\DotNetZip\Unity.VisualScripting.IonicZip.dll
Native extension for WindowsStandalone target not found
Refreshing native plugins compatible for Editor in 0.72 ms, found 3 plugins.
Preloading 0 native plugins for Editor in 0.00 ms.
Mono: successfully reloaded assembly
- Completed reload, in  1.474 seconds
Domain Reload Profiling:
	ReloadAssembly (1475ms)
		BeginReloadAssembly (170ms)
			ExecutionOrderSort (0ms)
			DisableScriptedObjects (7ms)
			BackupInstance (0ms)
			ReleaseScriptingObjects (0ms)
			CreateAndSetChildDomain (48ms)
		EndReloadAssembly (1169ms)
			LoadAssemblies (109ms)
			RebuildTransferFunctionScriptingTraits (0ms)
			SetupTypeCache (392ms)
			ReleaseScriptCaches (2ms)
			RebuildScriptCaches (72ms)
			SetupLoadedEditorAssemblies (515ms)
				LogAssemblyErrors (0ms)
				InitializePlatformSupportModulesInManaged (22ms)
				SetLoadedEditorAssemblies (1ms)
				RefreshPlugins (1ms)
				BeforeProcessingInitializeOnLoad (114ms)
				ProcessInitializeOnLoadAttributes (326ms)
				ProcessInitializeOnLoadMethodAttributes (37ms)
				AfterProcessingInitializeOnLoad (14ms)
				EditorAssembliesLoaded (1ms)
			ExecutionOrderSort2 (0ms)
			AwakeInstancesAfterBackupRestoration (11ms)
Platform modules already initialized, skipping
Refreshing native plugins compatible for Editor in 4.72 ms, found 3 plugins.
Preloading 0 native plugins for Editor in 0.00 ms.
Unloading 3430 Unused Serialized files (Serialized files now loaded: 0)
Unloading 22 unused Assets / (445.2 KB). Loaded Objects now: 3998.
Memory consumption went from 158.8 MB to 158.4 MB.
Total: 10.206700 ms (FindLiveObjects: 0.768800 ms CreateObjectMapping: 0.575800 ms MarkObjects: 8.240300 ms  DeleteObjects: 0.620100 ms)

AssetImportParameters requested are different than current active one (requested -> active):
  custom:video-decoder-ogg-theora: a1e56fd34408186e4bbccfd4996cb3dc -> 
  custom:container-muxer-webm: aa71ff27fc2769a1b78a27578f13a17b -> 
  custom:container-demuxer-webm: 4f35f7cbe854078d1ac9338744f61a02 -> 
  custom:video-encoder-webm-vp8: eb34c28f22e8b96e1ab97ce403110664 -> 
  custom:video-codec-MediaFoundation-h265: 746d11721c4dcdbdad8f713fa42b33f4 -> 
  custom:audio-encoder-webm-vorbis: bf7c407c2cedff20999df2af8eb42d56 -> 
  custom:framework-win-MediaFoundation: 216162199b28c13a410421893ffa2e32 -> 
  custom:container-demuxer-ogg: 62fdf1f143b41e24485cea50d1cbac27 -> 
  custom:video-decoder-webm-vp8: 9c59270c3fd7afecdb556c50c9e8de78 -> 
  custom:audio-decoder-ogg-vorbis: bf7c407c2cedff20999df2af8eb42d56 -> 
========================================================================
Received Import Request.
  Time since last request: 77.009132 seconds.
  path: Assets/Greid/animations/Greid@Attack_Combo.FBX
  artifactKey: Guid(ca826fbba0d639947b2058dad22e5af0) Importer(815301076,1909f56bfc062723c751e8b465ee728b)
Start importing Assets/Greid/animations/Greid@Attack_Combo.FBX using Guid(ca826fbba0d639947b2058dad22e5af0) Importer(815301076,1909f56bfc062723c751e8b465ee728b)  -> (artifact id: 'de7ea6df6c6424cd46faf6a6637c7933') in 0.081072 seconds 
========================================================================
Received Import Request.
  Time since last request: 0.000024 seconds.
  path: Assets/Greid/animations/Greid@Duck.FBX
  artifactKey: Guid(b12bb6a3ae0276641803f1fb14a2266c) Importer(815301076,1909f56bfc062723c751e8b465ee728b)
Start importing Assets/Greid/animations/Greid@Duck.FBX using Guid(b12bb6a3ae0276641803f1fb14a2266c) Importer(815301076,1909f56bfc062723c751e8b465ee728b)  -> (artifact id: '4d96c157506f0ef09e8257e1e45c3856') in 0.031628 seconds 
========================================================================
Received Import Request.
  Time since last request: 0.000025 seconds.
  path: Assets/Greid/animations/Greid@Walk.FBX
  artifactKey: Guid(688e101541c01044fa66e4c91c6e6069) Importer(815301076,1909f56bfc062723c751e8b465ee728b)
Start importing Assets/Greid/animations/Greid@Walk.FBX using Guid(688e101541c01044fa66e4c91c6e6069) Importer(815301076,1909f56bfc062723c751e8b465ee728b)  -> (artifact id: '65c6ca0419876d811c0d8966070adb58') in 0.030191 seconds 
========================================================================
Received Import Request.
  Time since last request: 0.000039 seconds.
  path: Assets/Greid/animations/Greid@Walk_Attack.FBX
  artifactKey: Guid(66e1237f733c1ee4a9cf06e06dbc929f) Importer(815301076,1909f56bfc062723c751e8b465ee728b)
Start importing Assets/Greid/animations/Greid@Walk_Attack.FBX using Guid(66e1237f733c1ee4a9cf06e06dbc929f) Importer(815301076,1909f56bfc062723c751e8b465ee728b)  -> (artifact id: '3e9a824aac46e81751972c397219e420') in 0.027500 seconds 
========================================================================
Received Import Request.
  Time since last request: 0.000047 seconds.
  path: Assets/Greid/animations/Greid@Attack_Thrust_Upper.FBX
  artifactKey: Guid(e996b34e921ca3f4491cd6c1281c7071) Importer(815301076,1909f56bfc062723c751e8b465ee728b)
Start importing Assets/Greid/animations/Greid@Attack_Thrust_Upper.FBX using Guid(e996b34e921ca3f4491cd6c1281c7071) Importer(815301076,1909f56bfc062723c751e8b465ee728b)  -> (artifact id: '85665af8d55035a371cf82a92168b4fe') in 0.028230 seconds 
========================================================================
Received Import Request.
  Time since last request: 0.000028 seconds.
  path: Assets/Greid/animations/Greid@Battle_Cheer.FBX
  artifactKey: Guid(52ad0b05634519d44b9ec1dce99e8e1b) Importer(815301076,1909f56bfc062723c751e8b465ee728b)
Start importing Assets/Greid/animations/Greid@Battle_Cheer.FBX using Guid(52ad0b05634519d44b9ec1dce99e8e1b) Importer(815301076,1909f56bfc062723c751e8b465ee728b)  -> (artifact id: 'fa07fe3c1ee2e5887933b83076f3c44e') in 0.024789 seconds 
========================================================================
Received Import Request.
  Time since last request: 0.000022 seconds.
  path: Assets/Greid/animations/Greid@Hit_Left.FBX
  artifactKey: Guid(12f4cbfc47fc8e04680b755e45b2de18) Importer(815301076,1909f56bfc062723c751e8b465ee728b)
Start importing Assets/Greid/animations/Greid@Hit_Left.FBX using Guid(12f4cbfc47fc8e04680b755e45b2de18) Importer(815301076,1909f56bfc062723c751e8b465ee728b)  -> (artifact id: '2df8296a7e992be0968eb45d6dc059a1') in 0.025107 seconds 
========================================================================
Received Import Request.
  Time since last request: 0.000023 seconds.
  path: Assets/Greid/animations/Greid@Idle_Power_Pose.FBX
  artifactKey: Guid(a4e68d2df75842346bdc63208a9747f4) Importer(815301076,1909f56bfc062723c751e8b465ee728b)
Start importing Assets/Greid/animations/Greid@Idle_Power_Pose.FBX using Guid(a4e68d2df75842346bdc63208a9747f4) Importer(815301076,1909f56bfc062723c751e8b465ee728b)  -> (artifact id: 'f63906e8eab901070a20e914008cd083') in 0.022627 seconds 
========================================================================
Received Import Request.
  Time since last request: 0.000026 seconds.
  path: Assets/Greid/animations/Greid@Attack_Cut.FBX
  artifactKey: Guid(76c9af5d86e653d44a537d621de978da) Importer(815301076,1909f56bfc062723c751e8b465ee728b)
Start importing Assets/Greid/animations/Greid@Attack_Cut.FBX using Guid(76c9af5d86e653d44a537d621de978da) Importer(815301076,1909f56bfc062723c751e8b465ee728b)  -> (artifact id: '1669d4fe8770b541305cd021eb767b6b') in 0.024199 seconds 
========================================================================
Received Import Request.
  Time since last request: 0.000024 seconds.
  path: Assets/Greid/animations/Greid@Run.FBX
  artifactKey: Guid(3e602bd0ccd8cd145b2b02de06a053f8) Importer(815301076,1909f56bfc062723c751e8b465ee728b)
Start importing Assets/Greid/animations/Greid@Run.FBX using Guid(3e602bd0ccd8cd145b2b02de06a053f8) Importer(815301076,1909f56bfc062723c751e8b465ee728b)  -> (artifact id: '7ef4ce85f22aebed94beb16966b9ee3a') in 0.026466 seconds 
========================================================================
Received Import Request.
  Time since last request: 0.000024 seconds.
  path: Assets/Greid/animations/Greid@Idle_Beard.FBX
  artifactKey: Guid(a40e8010f90ba8e4a81cd493d24b7ad3) Importer(815301076,1909f56bfc062723c751e8b465ee728b)
Start importing Assets/Greid/animations/Greid@Idle_Beard.FBX using Guid(a40e8010f90ba8e4a81cd493d24b7ad3) Importer(815301076,1909f56bfc062723c751e8b465ee728b)  -> (artifact id: 'f94d48ef66e918f2f75d7c01636ab83d') in 0.026312 seconds 
========================================================================
Received Import Request.
  Time since last request: 0.000032 seconds.
  path: Assets/Greid/animations/Greid@Block_Shield.FBX
  artifactKey: Guid(af525b1f2c2e7c84b8a225e2329ef0f8) Importer(815301076,1909f56bfc062723c751e8b465ee728b)
Start importing Assets/Greid/animations/Greid@Block_Shield.FBX using Guid(af525b1f2c2e7c84b8a225e2329ef0f8) Importer(815301076,1909f56bfc062723c751e8b465ee728b)  -> (artifact id: 'f1e2573455938c9c569a5f7e90adef87') in 0.023431 seconds 
Editor requested this worker to shutdown with reason: Scaling down because of idle timeout
AssetImportWorker is now disconnected from the server
Process exiting
Exiting without the bug reporter. Application will terminate with return code 0