Using pre-set license
Built from '2021.3/release' branch; Version is '2021.3.12f1 (8af3c3e441b1) revision 9106371'; Using compiler version '192829333'; Build Type 'Release'
OS: 'Windows 10  (10.0.19044) 64bit Core' Language: 'en' Physical Memory: 16177 MB
BatchMode: 1, IsHumanControllingUs: 0, StartBugReporterOnCrash: 0, Is64bit: 1, IsPro: 1

COMMAND LINE ARGUMENTS:
C:\Program Files\Unity\Hub\Editor\2021.3.12f1\Editor\Unity.exe
-adb2
-batchMode
-noUpm
-name
AssetImportWorker2
-projectPath
C:/Users/csmol/Documents/CombatSystemDemo
-logFile
Logs/AssetImportWorker2.log
-srvPort
60346
Successfully changed project path to: C:/Users/csmol/Documents/CombatSystemDemo
C:/Users/csmol/Documents/CombatSystemDemo
[UnityMemory] Configuration Parameters - Can be set up in boot.config
    "memorysetup-bucket-allocator-granularity=16"
    "memorysetup-bucket-allocator-bucket-count=8"
    "memorysetup-bucket-allocator-block-size=33554432"
    "memorysetup-bucket-allocator-block-count=8"
    "memorysetup-main-allocator-block-size=16777216"
    "memorysetup-thread-allocator-block-size=16777216"
    "memorysetup-gfx-main-allocator-block-size=16777216"
    "memorysetup-gfx-thread-allocator-block-size=16777216"
    "memorysetup-cache-allocator-block-size=4194304"
    "memorysetup-typetree-allocator-block-size=2097152"
    "memorysetup-profiler-bucket-allocator-granularity=16"
    "memorysetup-profiler-bucket-allocator-bucket-count=8"
    "memorysetup-profiler-bucket-allocator-block-size=33554432"
    "memorysetup-profiler-bucket-allocator-block-count=8"
    "memorysetup-profiler-allocator-block-size=16777216"
    "memorysetup-profiler-editor-allocator-block-size=1048576"
    "memorysetup-temp-allocator-size-main=16777216"
    "memorysetup-job-temp-allocator-block-size=2097152"
    "memorysetup-job-temp-allocator-block-size-background=1048576"
    "memorysetup-job-temp-allocator-reduction-small-platforms=262144"
    "memorysetup-temp-allocator-size-background-worker=32768"
    "memorysetup-temp-allocator-size-job-worker=262144"
    "memorysetup-temp-allocator-size-preload-manager=33554432"
    "memorysetup-temp-allocator-size-nav-mesh-worker=65536"
    "memorysetup-temp-allocator-size-audio-worker=65536"
    "memorysetup-temp-allocator-size-cloud-worker=32768"
    "memorysetup-temp-allocator-size-gi-baking-worker=262144"
    "memorysetup-temp-allocator-size-gfx=262144"
Refreshing native plugins compatible for Editor in 111.79 ms, found 3 plugins.
Preloading 0 native plugins for Editor in 0.00 ms.
Initialize engine version: 2021.3.12f1 (8af3c3e441b1)
[Subsystems] Discovering subsystems at path C:/Program Files/Unity/Hub/Editor/2021.3.12f1/Editor/Data/Resources/UnitySubsystems
[Subsystems] Discovering subsystems at path C:/Users/csmol/Documents/CombatSystemDemo/Assets
GfxDevice: creating device client; threaded=0; jobified=0
Direct3D:
    Version:  Direct3D 11.0 [level 11.1]
    Renderer: NVIDIA GeForce RTX 2060 (ID=0x1f11)
    Vendor:   NVIDIA
    VRAM:     5980 MB
    Driver:   27.21.14.6618
Initialize mono
Mono path[0] = 'C:/Program Files/Unity/Hub/Editor/2021.3.12f1/Editor/Data/Managed'
Mono path[1] = 'C:/Program Files/Unity/Hub/Editor/2021.3.12f1/Editor/Data/MonoBleedingEdge/lib/mono/unityjit-win32'
Mono config path = 'C:/Program Files/Unity/Hub/Editor/2021.3.12f1/Editor/Data/MonoBleedingEdge/etc'
Using monoOptions --debugger-agent=transport=dt_socket,embedding=1,server=y,suspend=n,address=127.0.0.1:56676
Begin MonoManager ReloadAssembly
Registering precompiled unity dll's ...
Register platform support module: C:/Program Files/Unity/Hub/Editor/2021.3.12f1/Editor/Data/PlaybackEngines/WindowsStandaloneSupport/UnityEditor.WindowsStandalone.Extensions.dll
Registered in 0.007387 seconds.
Native extension for WindowsStandalone target not found
Refreshing native plugins compatible for Editor in 89.38 ms, found 3 plugins.
Preloading 0 native plugins for Editor in 0.00 ms.
Mono: successfully reloaded assembly
- Completed reload, in  0.671 seconds
Domain Reload Profiling:
	ReloadAssembly (671ms)
		BeginReloadAssembly (76ms)
			ExecutionOrderSort (0ms)
			DisableScriptedObjects (0ms)
			BackupInstance (0ms)
			ReleaseScriptingObjects (0ms)
			CreateAndSetChildDomain (1ms)
		EndReloadAssembly (480ms)
			LoadAssemblies (74ms)
			RebuildTransferFunctionScriptingTraits (0ms)
			SetupTypeCache (102ms)
			ReleaseScriptCaches (0ms)
			RebuildScriptCaches (31ms)
			SetupLoadedEditorAssemblies (293ms)
				LogAssemblyErrors (0ms)
				InitializePlatformSupportModulesInManaged (8ms)
				SetLoadedEditorAssemblies (0ms)
				RefreshPlugins (89ms)
				BeforeProcessingInitializeOnLoad (2ms)
				ProcessInitializeOnLoadAttributes (144ms)
				ProcessInitializeOnLoadMethodAttributes (50ms)
				AfterProcessingInitializeOnLoad (0ms)
				EditorAssembliesLoaded (0ms)
			ExecutionOrderSort2 (0ms)
			AwakeInstancesAfterBackupRestoration (0ms)
Platform modules already initialized, skipping
Registering precompiled user dll's ...
Registered in 0.006403 seconds.
Begin MonoManager ReloadAssembly
Symbol file LoadedFromMemory doesn't match image C:\Users\csmol\Documents\CombatSystemDemo\Library\PackageCache\com.unity.visualscripting@1.7.8\Editor\VisualScripting.Core\Dependencies\YamlDotNet\Unity.VisualScripting.YamlDotNet.dll
Symbol file LoadedFromMemory doesn't match image C:\Users\csmol\Documents\CombatSystemDemo\Library\PackageCache\com.unity.visualscripting@1.7.8\Editor\VisualScripting.Core\Dependencies\DotNetZip\Unity.VisualScripting.IonicZip.dll
Native extension for WindowsStandalone target not found
Refreshing native plugins compatible for Editor in 0.55 ms, found 3 plugins.
Preloading 0 native plugins for Editor in 0.00 ms.
Mono: successfully reloaded assembly
- Completed reload, in  1.090 seconds
Domain Reload Profiling:
	ReloadAssembly (1091ms)
		BeginReloadAssembly (116ms)
			ExecutionOrderSort (0ms)
			DisableScriptedObjects (6ms)
			BackupInstance (0ms)
			ReleaseScriptingObjects (0ms)
			CreateAndSetChildDomain (19ms)
		EndReloadAssembly (857ms)
			LoadAssemblies (87ms)
			RebuildTransferFunctionScriptingTraits (0ms)
			SetupTypeCache (262ms)
			ReleaseScriptCaches (1ms)
			RebuildScriptCaches (54ms)
			SetupLoadedEditorAssemblies (416ms)
				LogAssemblyErrors (0ms)
				InitializePlatformSupportModulesInManaged (6ms)
				SetLoadedEditorAssemblies (0ms)
				RefreshPlugins (1ms)
				BeforeProcessingInitializeOnLoad (103ms)
				ProcessInitializeOnLoadAttributes (263ms)
				ProcessInitializeOnLoadMethodAttributes (34ms)
				AfterProcessingInitializeOnLoad (8ms)
				EditorAssembliesLoaded (0ms)
			ExecutionOrderSort2 (0ms)
			AwakeInstancesAfterBackupRestoration (7ms)
Platform modules already initialized, skipping
========================================================================
Worker process is ready to serve import requests
Launched and connected shader compiler UnityShaderCompiler.exe after 0.04 seconds
Refreshing native plugins compatible for Editor in 0.63 ms, found 3 plugins.
Preloading 0 native plugins for Editor in 0.00 ms.
Unloading 3507 Unused Serialized files (Serialized files now loaded: 0)
Unloading 29 unused Assets / (469.7 KB). Loaded Objects now: 3982.
Memory consumption went from 149.3 MB to 148.8 MB.
Total: 3.156700 ms (FindLiveObjects: 0.388500 ms CreateObjectMapping: 0.196100 ms MarkObjects: 2.313200 ms  DeleteObjects: 0.257700 ms)

AssetImportParameters requested are different than current active one (requested -> active):
  custom:video-decoder-ogg-theora: a1e56fd34408186e4bbccfd4996cb3dc -> 
  custom:container-muxer-webm: aa71ff27fc2769a1b78a27578f13a17b -> 
  custom:container-demuxer-webm: 4f35f7cbe854078d1ac9338744f61a02 -> 
  custom:video-encoder-webm-vp8: eb34c28f22e8b96e1ab97ce403110664 -> 
  custom:video-codec-MediaFoundation-h265: 746d11721c4dcdbdad8f713fa42b33f4 -> 
  custom:audio-encoder-webm-vorbis: bf7c407c2cedff20999df2af8eb42d56 -> 
  custom:framework-win-MediaFoundation: 216162199b28c13a410421893ffa2e32 -> 
  custom:container-demuxer-ogg: 62fdf1f143b41e24485cea50d1cbac27 -> 
  custom:video-decoder-webm-vp8: 9c59270c3fd7afecdb556c50c9e8de78 -> 
  custom:audio-decoder-ogg-vorbis: bf7c407c2cedff20999df2af8eb42d56 -> 
========================================================================
Received Import Request.
  Time since last request: 930.631600 seconds.
  path: Assets/NatureStarterKit2/Scene
  artifactKey: Guid(406b7a5b7a9ba0b41bf47a649b017346) Importer(815301076,1909f56bfc062723c751e8b465ee728b)
Start importing Assets/NatureStarterKit2/Scene using Guid(406b7a5b7a9ba0b41bf47a649b017346) Importer(815301076,1909f56bfc062723c751e8b465ee728b)  -> (artifact id: 'cba0203dc7ebe6ce2a5933f96e670eee') in 0.018386 seconds 
========================================================================
Received Import Request.
  Time since last request: 0.902795 seconds.
  path: Assets/NatureStarterKit2/Scene/New Terrain.asset
  artifactKey: Guid(32620d2a18d1d6543869088db9e2d1c5) Importer(815301076,1909f56bfc062723c751e8b465ee728b)
Start importing Assets/NatureStarterKit2/Scene/New Terrain.asset using Guid(32620d2a18d1d6543869088db9e2d1c5) Importer(815301076,1909f56bfc062723c751e8b465ee728b)  -> (artifact id: '44ad904b509a9dacb42be3096ea361ae') in 0.218998 seconds 
========================================================================
Received Import Request.
  Time since last request: 1.385982 seconds.
  path: Assets/NatureStarterKit2/Scene/Demo.unity
  artifactKey: Guid(2b02c29601fc84e49a18fde7fed33f95) Importer(815301076,1909f56bfc062723c751e8b465ee728b)
Start importing Assets/NatureStarterKit2/Scene/Demo.unity using Guid(2b02c29601fc84e49a18fde7fed33f95) Importer(815301076,1909f56bfc062723c751e8b465ee728b)  -> (artifact id: 'a716475fb88546706048aed8f7d08fe1') in 0.006086 seconds 
========================================================================
Received Import Request.
  Time since last request: 10.840432 seconds.
  path: Assets/NatureStarterKit2/Nature/tree03.prefab
  artifactKey: Guid(4e2dd32c733005a44b50004d673dc653) Importer(815301076,1909f56bfc062723c751e8b465ee728b)
Start importing Assets/NatureStarterKit2/Nature/tree03.prefab using Guid(4e2dd32c733005a44b50004d673dc653) Importer(815301076,1909f56bfc062723c751e8b465ee728b)  -> (artifact id: '2115232a0a3aa300fbc9536848960d50') in 0.567673 seconds 
========================================================================
Received Import Request.
  Time since last request: 0.000030 seconds.
  path: Assets/NatureStarterKit2/Nature/tree01.prefab
  artifactKey: Guid(393b236c42954a640b513d46de90ac38) Importer(815301076,1909f56bfc062723c751e8b465ee728b)
Start importing Assets/NatureStarterKit2/Nature/tree01.prefab using Guid(393b236c42954a640b513d46de90ac38) Importer(815301076,1909f56bfc062723c751e8b465ee728b)  -> (artifact id: '960fa052e0a84ba6566a5a7779c85ee9') in 0.056368 seconds 
========================================================================
Received Import Request.
  Time since last request: 0.000037 seconds.
  path: Assets/NatureStarterKit2/Nature/bush04.prefab
  artifactKey: Guid(d15b44addf30da74f946086ec0aa993c) Importer(815301076,1909f56bfc062723c751e8b465ee728b)
Start importing Assets/NatureStarterKit2/Nature/bush04.prefab using Guid(d15b44addf30da74f946086ec0aa993c) Importer(815301076,1909f56bfc062723c751e8b465ee728b)  -> (artifact id: 'e92ab4eaeb453ca8c62ad4968a6b7e0e') in 0.048167 seconds 
========================================================================
Received Import Request.
  Time since last request: 12.997330 seconds.
  path: Assets/NatureStarterKit2/Standard Assets/Effects/Projectors/Materials/ShadowProjector.mat
  artifactKey: Guid(e30ff3588e719f34bbf0c66f22d97487) Importer(815301076,1909f56bfc062723c751e8b465ee728b)
Start importing Assets/NatureStarterKit2/Standard Assets/Effects/Projectors/Materials/ShadowProjector.mat using Guid(e30ff3588e719f34bbf0c66f22d97487) Importer(815301076,1909f56bfc062723c751e8b465ee728b)  -> (artifact id: 'f1be3ef350aa556407721b53f5458096') in 0.041668 seconds 
========================================================================
Received Import Request.
  Time since last request: 0.000026 seconds.
  path: Assets/Medieval Fortification/Models/Materials/Tower_Corner.mat
  artifactKey: Guid(5c4275e250e7b25438a7d41cec03aed7) Importer(815301076,1909f56bfc062723c751e8b465ee728b)
Start importing Assets/Medieval Fortification/Models/Materials/Tower_Corner.mat using Guid(5c4275e250e7b25438a7d41cec03aed7) Importer(815301076,1909f56bfc062723c751e8b465ee728b)  -> (artifact id: '9b9a3793350db65b0a97a6fe81c90964') in 0.025856 seconds 
========================================================================
Received Import Request.
  Time since last request: 0.000029 seconds.
  path: Assets/NatureStarterKit2/Standard Assets/Effects/ToonShading/Materials/ToonBasic.mat
  artifactKey: Guid(84b9e1d19d11078d11005b9844295342) Importer(815301076,1909f56bfc062723c751e8b465ee728b)
Start importing Assets/NatureStarterKit2/Standard Assets/Effects/ToonShading/Materials/ToonBasic.mat using Guid(84b9e1d19d11078d11005b9844295342) Importer(815301076,1909f56bfc062723c751e8b465ee728b)  -> (artifact id: '2847f9d8e40107cc83a7a2923ea35e03') in 0.023231 seconds 
========================================================================
Received Import Request.
  Time since last request: 0.000037 seconds.
  path: Assets/NatureStarterKit2/Standard Assets/Effects/TessellationShaders/Materials/TesselatedBumpSpecularSmooth.mat
  artifactKey: Guid(06893cec523208643a91b7a393737700) Importer(815301076,1909f56bfc062723c751e8b465ee728b)
Start importing Assets/NatureStarterKit2/Standard Assets/Effects/TessellationShaders/Materials/TesselatedBumpSpecularSmooth.mat using Guid(06893cec523208643a91b7a393737700) Importer(815301076,1909f56bfc062723c751e8b465ee728b)  -> (artifact id: 'dc89d53a7bc6ede5d243245908d1ba37') in 0.423804 seconds 
========================================================================
Received Import Request.
  Time since last request: 0.000033 seconds.
  path: Assets/NatureStarterKit2/Materials/skybox.mat
  artifactKey: Guid(39cace2863926444a9a78daa8ae26413) Importer(815301076,1909f56bfc062723c751e8b465ee728b)
Start importing Assets/NatureStarterKit2/Materials/skybox.mat using Guid(39cace2863926444a9a78daa8ae26413) Importer(815301076,1909f56bfc062723c751e8b465ee728b)  -> (artifact id: '0b2c63eaaa68252ec1b5ddec1228702a') in 0.064171 seconds 
========================================================================
Received Import Request.
  Time since last request: 0.000068 seconds.
  path: Assets/NatureStarterKit2/Standard Assets/Effects/ToonShading/Materials/ToonLit.mat
  artifactKey: Guid(c9e6294c9d11cb8d11006bf944295342) Importer(815301076,1909f56bfc062723c751e8b465ee728b)
Start importing Assets/NatureStarterKit2/Standard Assets/Effects/ToonShading/Materials/ToonLit.mat using Guid(c9e6294c9d11cb8d11006bf944295342) Importer(815301076,1909f56bfc062723c751e8b465ee728b)  -> (artifact id: '6daf2610f875e8e1661b150bcae61c88') in 0.171663 seconds 
========================================================================
Received Import Request.
  Time since last request: 0.000024 seconds.
  path: Assets/NatureStarterKit2/Standard Assets/Effects/TessellationShaders/Materials/TesselatedBumpSpecular.mat
  artifactKey: Guid(a3384ef3e2313034f9016ad8a1f3999f) Importer(815301076,1909f56bfc062723c751e8b465ee728b)
Start importing Assets/NatureStarterKit2/Standard Assets/Effects/TessellationShaders/Materials/TesselatedBumpSpecular.mat using Guid(a3384ef3e2313034f9016ad8a1f3999f) Importer(815301076,1909f56bfc062723c751e8b465ee728b)  -> (artifact id: 'd79326a78674ccd2cd7d3af62326af5e') in 0.193785 seconds 
========================================================================
Received Import Request.
  Time since last request: 2.688542 seconds.
  path: Assets/NatureStarterKit2/Nature/bush05.prefab
  artifactKey: Guid(bb660abd3b29d9f44866fd79795dbca4) Importer(815301076,1909f56bfc062723c751e8b465ee728b)
Start importing Assets/NatureStarterKit2/Nature/bush05.prefab using Guid(bb660abd3b29d9f44866fd79795dbca4) Importer(815301076,1909f56bfc062723c751e8b465ee728b)  -> (artifact id: 'ed5f3294b1589aa81f43e640b4314f49') in 0.045667 seconds 
========================================================================
Received Import Request.
  Time since last request: 0.000018 seconds.
  path: Assets/septimus/materials/septimus.mat
  artifactKey: Guid(d6193e5a7ac92b44fb80bf7d5cc02404) Importer(815301076,1909f56bfc062723c751e8b465ee728b)
Start importing Assets/septimus/materials/septimus.mat using Guid(d6193e5a7ac92b44fb80bf7d5cc02404) Importer(815301076,1909f56bfc062723c751e8b465ee728b)  -> (artifact id: '632d0817b86f837b411193bc8ee8b597') in 0.072019 seconds 
========================================================================
Received Import Request.
  Time since last request: 411.413577 seconds.
  path: Assets/Scenes
  artifactKey: Guid(6ea315d0fd7389c41b19996891e99ae3) Importer(815301076,1909f56bfc062723c751e8b465ee728b)
Start importing Assets/Scenes using Guid(6ea315d0fd7389c41b19996891e99ae3) Importer(815301076,1909f56bfc062723c751e8b465ee728b)  -> (artifact id: 'b8193726cff86800c54781cdc6d54904') in 0.007989 seconds 
========================================================================
Received Import Request.
  Time since last request: 1.158875 seconds.
  path: Assets/Scenes/SampleScene.unity
  artifactKey: Guid(9fc0d4010bbf28b4594072e72b8655ab) Importer(815301076,1909f56bfc062723c751e8b465ee728b)
Start importing Assets/Scenes/SampleScene.unity using Guid(9fc0d4010bbf28b4594072e72b8655ab) Importer(815301076,1909f56bfc062723c751e8b465ee728b)  -> (artifact id: '190bbf6173d6ceb39796f899e7c87d6c') in 0.006323 seconds 
========================================================================
Received Import Request.
  Time since last request: 11.126101 seconds.
  path: Assets/NatureStarterKit2/Standard Assets/Effects/GlassRefraction/Materials/GlassRefractive.mat
  artifactKey: Guid(848918a99d11f25f110026ca44295342) Importer(815301076,1909f56bfc062723c751e8b465ee728b)
Start importing Assets/NatureStarterKit2/Standard Assets/Effects/GlassRefraction/Materials/GlassRefractive.mat using Guid(848918a99d11f25f110026ca44295342) Importer(815301076,1909f56bfc062723c751e8b465ee728b)  -> (artifact id: '16da283491c5dbf088bc90a2a18b270c') in 0.044534 seconds 
========================================================================
Received Import Request.
  Time since last request: 0.000041 seconds.
  path: Assets/NatureStarterKit2/Standard Assets/Effects/Projectors/Materials/GridProjector.mat
  artifactKey: Guid(c7d1a73cf0f423947bae4e238665d9c5) Importer(815301076,1909f56bfc062723c751e8b465ee728b)
Start importing Assets/NatureStarterKit2/Standard Assets/Effects/Projectors/Materials/GridProjector.mat using Guid(c7d1a73cf0f423947bae4e238665d9c5) Importer(815301076,1909f56bfc062723c751e8b465ee728b)  -> (artifact id: '49cb2088549997890551c6216b409b6a') in 0.028844 seconds 
========================================================================
Received Import Request.
  Time since last request: 0.000057 seconds.
  path: Assets/NatureStarterKit2/Standard Assets/Effects/Projectors/Materials/LightProjector.mat
  artifactKey: Guid(c8c80c5b03f5c7e40b07eb2170e667e5) Importer(815301076,1909f56bfc062723c751e8b465ee728b)
Start importing Assets/NatureStarterKit2/Standard Assets/Effects/Projectors/Materials/LightProjector.mat using Guid(c8c80c5b03f5c7e40b07eb2170e667e5) Importer(815301076,1909f56bfc062723c751e8b465ee728b)  -> (artifact id: '49cc0213ba495bd87bccec2652d5f2ad') in 0.030203 seconds 
========================================================================
Received Import Request.
  Time since last request: 0.000036 seconds.
  path: Assets/Medieval Fortification/Models/Materials/Ladder.mat
  artifactKey: Guid(797872d69e07fe9479545ccb0ba9e707) Importer(815301076,1909f56bfc062723c751e8b465ee728b)
Start importing Assets/Medieval Fortification/Models/Materials/Ladder.mat using Guid(797872d69e07fe9479545ccb0ba9e707) Importer(815301076,1909f56bfc062723c751e8b465ee728b)  -> (artifact id: 'fb8f4134be01af03f74000d96d2457a4') in 0.019844 seconds 
========================================================================
Received Import Request.
  Time since last request: 0.000021 seconds.
  path: Assets/Medieval Fortification/Models/Materials/Locker.mat
  artifactKey: Guid(5cabb138e9f053743b9d16d5727f038c) Importer(815301076,1909f56bfc062723c751e8b465ee728b)
Start importing Assets/Medieval Fortification/Models/Materials/Locker.mat using Guid(5cabb138e9f053743b9d16d5727f038c) Importer(815301076,1909f56bfc062723c751e8b465ee728b)  -> (artifact id: 'b5b74a7821c116923bae950ac827245d') in 0.017778 seconds 
========================================================================
Received Import Request.
  Time since last request: 0.294052 seconds.
  path: Assets/NatureStarterKit2/Standard Assets/Effects/LightFlares/Materials/Flare50mm.mat
  artifactKey: Guid(a6dbb96b9d112024d000e929e39e7c39) Importer(815301076,1909f56bfc062723c751e8b465ee728b)
Start importing Assets/NatureStarterKit2/Standard Assets/Effects/LightFlares/Materials/Flare50mm.mat using Guid(a6dbb96b9d112024d000e929e39e7c39) Importer(815301076,1909f56bfc062723c751e8b465ee728b)  -> (artifact id: '20ed5b57469cb8b5c2ccfc8b74d45063') in 0.083021 seconds 
========================================================================
Received Import Request.
  Time since last request: 0.000032 seconds.
  path: Assets/Medieval Fortification/Materials/Fortification_DoorL.mat
  artifactKey: Guid(c294222cd855b7e4ab7d385e3f71601b) Importer(815301076,1909f56bfc062723c751e8b465ee728b)
Start importing Assets/Medieval Fortification/Materials/Fortification_DoorL.mat using Guid(c294222cd855b7e4ab7d385e3f71601b) Importer(815301076,1909f56bfc062723c751e8b465ee728b)  -> (artifact id: 'f97c7710ad5f8231c2fdc422802d06e0') in 0.056869 seconds 
========================================================================
Received Import Request.
  Time since last request: 0.000029 seconds.
  path: Assets/Medieval Fortification/Materials/Fortification_Tower_Corner.mat
  artifactKey: Guid(fa097118205061440924eba45d28c7e2) Importer(815301076,1909f56bfc062723c751e8b465ee728b)
Start importing Assets/Medieval Fortification/Materials/Fortification_Tower_Corner.mat using Guid(fa097118205061440924eba45d28c7e2) Importer(815301076,1909f56bfc062723c751e8b465ee728b)  -> (artifact id: '357b0d8ada5f82feacdc11608473312d') in 0.083853 seconds 
========================================================================
Received Import Request.
  Time since last request: 0.000037 seconds.
  path: Assets/NatureStarterKit2/Materials/bark01.mat
  artifactKey: Guid(429dd90a38598a6439cac85af03f10df) Importer(815301076,1909f56bfc062723c751e8b465ee728b)
Start importing Assets/NatureStarterKit2/Materials/bark01.mat using Guid(429dd90a38598a6439cac85af03f10df) Importer(815301076,1909f56bfc062723c751e8b465ee728b)  -> (artifact id: '2c48d2784d51e3d16633537b8a06a5d5') in 0.382752 seconds 
========================================================================
Received Import Request.
  Time since last request: 0.000025 seconds.
  path: Assets/NatureStarterKit2/Materials/bush01.mat
  artifactKey: Guid(216a7e882dab7d745a4fc6ccb3774f75) Importer(815301076,1909f56bfc062723c751e8b465ee728b)
Start importing Assets/NatureStarterKit2/Materials/bush01.mat using Guid(216a7e882dab7d745a4fc6ccb3774f75) Importer(815301076,1909f56bfc062723c751e8b465ee728b)  -> (artifact id: 'f6cc332d52eafe541c74aaefe483f240') in 0.235820 seconds 
========================================================================
Received Import Request.
  Time since last request: 0.000045 seconds.
  path: Assets/Medieval Fortification/Materials/Fortification_Tower_Front.mat
  artifactKey: Guid(3a19e926e7a92a84a96ae0946e5e08e4) Importer(815301076,1909f56bfc062723c751e8b465ee728b)
Start importing Assets/Medieval Fortification/Materials/Fortification_Tower_Front.mat using Guid(3a19e926e7a92a84a96ae0946e5e08e4) Importer(815301076,1909f56bfc062723c751e8b465ee728b)  -> (artifact id: 'e86741d1d88f10952166dbd187f06a1d') in 0.071063 seconds 
========================================================================
Received Import Request.
  Time since last request: 0.000030 seconds.
  path: Assets/Medieval Fortification/Materials/Fortification_Ladder.mat
  artifactKey: Guid(5baa22f5badbc964daa9e698c5db6020) Importer(815301076,1909f56bfc062723c751e8b465ee728b)
Start importing Assets/Medieval Fortification/Materials/Fortification_Ladder.mat using Guid(5baa22f5badbc964daa9e698c5db6020) Importer(815301076,1909f56bfc062723c751e8b465ee728b)  -> (artifact id: '778a14e6ff7568e7514b131eb628cf32') in 0.055379 seconds 
========================================================================
Received Import Request.
  Time since last request: 0.000026 seconds.
  path: Assets/Medieval Fortification/Materials/Fortification_Wall_Wood.mat
  artifactKey: Guid(f448f05b66c5dd546a351a56d7e54bbd) Importer(815301076,1909f56bfc062723c751e8b465ee728b)
Start importing Assets/Medieval Fortification/Materials/Fortification_Wall_Wood.mat using Guid(f448f05b66c5dd546a351a56d7e54bbd) Importer(815301076,1909f56bfc062723c751e8b465ee728b)  -> (artifact id: '26624f87b2e2867d9a60cf769fd81d84') in 0.062826 seconds 
========================================================================
Received Import Request.
  Time since last request: 0.000037 seconds.
  path: Assets/Medieval Fortification/Materials/Fortification_Locker.mat
  artifactKey: Guid(d832f1685fb876f4c878b5bfb4fc6c84) Importer(815301076,1909f56bfc062723c751e8b465ee728b)
Start importing Assets/Medieval Fortification/Materials/Fortification_Locker.mat using Guid(d832f1685fb876f4c878b5bfb4fc6c84) Importer(815301076,1909f56bfc062723c751e8b465ee728b)  -> (artifact id: 'f45873751d018ccbbc35a757dcc2ea2f') in 0.043899 seconds 
========================================================================
Received Import Request.
  Time since last request: 0.000034 seconds.
  path: Assets/Medieval Fortification/Materials/Fortification_Wall.mat
  artifactKey: Guid(1ce7ca93291348c4e8bc6059b30ef691) Importer(815301076,1909f56bfc062723c751e8b465ee728b)
Start importing Assets/Medieval Fortification/Materials/Fortification_Wall.mat using Guid(1ce7ca93291348c4e8bc6059b30ef691) Importer(815301076,1909f56bfc062723c751e8b465ee728b)  -> (artifact id: '194a3d52b1eb6e8a8ee5eaaff61a5522') in 0.080728 seconds 
========================================================================
Received Import Request.
  Time since last request: 0.000039 seconds.
  path: Assets/Medieval Fortification/Models/Materials/DoorR.mat
  artifactKey: Guid(6459a7fb5acd85240ba24861e47cdeee) Importer(815301076,1909f56bfc062723c751e8b465ee728b)
Start importing Assets/Medieval Fortification/Models/Materials/DoorR.mat using Guid(6459a7fb5acd85240ba24861e47cdeee) Importer(815301076,1909f56bfc062723c751e8b465ee728b)  -> (artifact id: '4bdcdd7bbe4866c26a16da627727fe30') in 0.024410 seconds 
========================================================================
Received Import Request.
  Time since last request: 69.019359 seconds.
  path: Assets/NatureStarterKit2/Textures/ground02.tga
  artifactKey: Guid(3e8f839d23c8c7f42b81fc76f0dbeb9f) Importer(815301076,1909f56bfc062723c751e8b465ee728b)
Start importing Assets/NatureStarterKit2/Textures/ground02.tga using Guid(3e8f839d23c8c7f42b81fc76f0dbeb9f) Importer(815301076,1909f56bfc062723c751e8b465ee728b)  -> (artifact id: '5377bd9253b5cdb732bd996a31814ac4') in 0.023346 seconds 
========================================================================
Received Import Request.
  Time since last request: 0.000023 seconds.
  path: Assets/NatureStarterKit2/Textures/ground03.tga
  artifactKey: Guid(5edd0aaa57578b84da829c036eecf914) Importer(815301076,1909f56bfc062723c751e8b465ee728b)
Start importing Assets/NatureStarterKit2/Textures/ground03.tga using Guid(5edd0aaa57578b84da829c036eecf914) Importer(815301076,1909f56bfc062723c751e8b465ee728b)  -> (artifact id: 'f8c62d72f1f195e3d08189cbf20ff7fa') in 0.014469 seconds 
========================================================================
Received Import Request.
  Time since last request: 56.382293 seconds.
  path: Assets/NatureStarterKit2/Textures/bark02.tga
  artifactKey: Guid(cd130f36a968f1e4d8dfc96a655a9c32) Importer(815301076,1909f56bfc062723c751e8b465ee728b)
Start importing Assets/NatureStarterKit2/Textures/bark02.tga using Guid(cd130f36a968f1e4d8dfc96a655a9c32) Importer(815301076,1909f56bfc062723c751e8b465ee728b)  -> (artifact id: '0852df5b6eaa79091a5ef39e5277a07d') in 0.013699 seconds 
========================================================================
Received Import Request.
  Time since last request: 0.000028 seconds.
  path: Assets/NatureStarterKit2/Textures/ground03.psd
  artifactKey: Guid(8d1a7eedfea109c4f892a29974c0b440) Importer(815301076,1909f56bfc062723c751e8b465ee728b)
Start importing Assets/NatureStarterKit2/Textures/ground03.psd using Guid(8d1a7eedfea109c4f892a29974c0b440) Importer(815301076,1909f56bfc062723c751e8b465ee728b)  -> (artifact id: '81f75aaf0b7b4be304d0fd97ef9b2134') in 0.029988 seconds 
========================================================================
Received Import Request.
  Time since last request: 0.000031 seconds.
  path: Assets/NatureStarterKit2/Textures/sky.tga
  artifactKey: Guid(566cada353cad2441ba7b045c8ea1a79) Importer(815301076,1909f56bfc062723c751e8b465ee728b)
Start importing Assets/NatureStarterKit2/Textures/sky.tga using Guid(566cada353cad2441ba7b045c8ea1a79) Importer(815301076,1909f56bfc062723c751e8b465ee728b)  -> (artifact id: 'cfed14f1eb4272aff9413ba6205672f0') in 0.032442 seconds 
========================================================================
Received Import Request.
  Time since last request: 0.000028 seconds.
  path: Assets/NatureStarterKit2/Textures/grass02.tga
  artifactKey: Guid(e3f873c56651ccd4a83ab80769dd19f3) Importer(815301076,1909f56bfc062723c751e8b465ee728b)
Start importing Assets/NatureStarterKit2/Textures/grass02.tga using Guid(e3f873c56651ccd4a83ab80769dd19f3) Importer(815301076,1909f56bfc062723c751e8b465ee728b)  -> (artifact id: '24cf503e3d49fc8ab2b50b5fddf773d2') in 0.020153 seconds 
========================================================================
Received Import Request.
  Time since last request: 0.000028 seconds.
  path: Assets/NatureStarterKit2/Textures/ground01.psd
  artifactKey: Guid(85cdb49f460bbf14a82b8ea1c20c07bc) Importer(815301076,1909f56bfc062723c751e8b465ee728b)
Start importing Assets/NatureStarterKit2/Textures/ground01.psd using Guid(85cdb49f460bbf14a82b8ea1c20c07bc) Importer(815301076,1909f56bfc062723c751e8b465ee728b)  -> (artifact id: '6ebc6123bb1d340eb671439eb6165517') in 0.029927 seconds 
========================================================================
Received Import Request.
  Time since last request: 538.238949 seconds.
  path: Assets/NatureStarterKit2/Nature/bush03.prefab
  artifactKey: Guid(9c74caa742791864f9c678287121e6c9) Importer(815301076,1909f56bfc062723c751e8b465ee728b)
Start importing Assets/NatureStarterKit2/Nature/bush03.prefab using Guid(9c74caa742791864f9c678287121e6c9) Importer(815301076,1909f56bfc062723c751e8b465ee728b)  -> (artifact id: '1347da39447d8f3f1310095b06c9f80e') in 0.032593 seconds 
========================================================================
Received Import Request.
  Time since last request: 0.932259 seconds.
  path: Assets/NatureStarterKit2/Nature/bush05.prefab
  artifactKey: Guid(bb660abd3b29d9f44866fd79795dbca4) Importer(815301076,1909f56bfc062723c751e8b465ee728b)
Start importing Assets/NatureStarterKit2/Nature/bush05.prefab using Guid(bb660abd3b29d9f44866fd79795dbca4) Importer(815301076,1909f56bfc062723c751e8b465ee728b)  -> (artifact id: 'c8357641e56613733fc133d21fab749d') in 0.027316 seconds 
========================================================================
Received Import Request.
  Time since last request: 787.420408 seconds.
  path: Assets/NatureStarterKit2/Standard Assets/Effects/TessellationShaders/Textures/CliffHeight.png
  artifactKey: Guid(17da6d53ec93a0444bd0f751b1d02477) Importer(815301076,1909f56bfc062723c751e8b465ee728b)
Start importing Assets/NatureStarterKit2/Standard Assets/Effects/TessellationShaders/Textures/CliffHeight.png using Guid(17da6d53ec93a0444bd0f751b1d02477) Importer(815301076,1909f56bfc062723c751e8b465ee728b)  -> (artifact id: 'd2d069a45416eff4f7d3982e58df55ed') in 0.083341 seconds 
========================================================================
Received Import Request.
  Time since last request: 0.000026 seconds.
  path: Assets/Medieval Fortification/Textures/Fortification_Gate_Locker_Normal.png
  artifactKey: Guid(813fba4c886f6664e96d5e99cd62d9e1) Importer(815301076,1909f56bfc062723c751e8b465ee728b)
Start importing Assets/Medieval Fortification/Textures/Fortification_Gate_Locker_Normal.png using Guid(813fba4c886f6664e96d5e99cd62d9e1) Importer(815301076,1909f56bfc062723c751e8b465ee728b)  -> (artifact id: '284c0f96cb458128e0199c67c74f73cf') in 0.023416 seconds 
========================================================================
Received Import Request.
  Time since last request: 0.000030 seconds.
  path: Assets/Medieval Fortification/Textures/Fortification_Gate_Locker_Albedo.png
  artifactKey: Guid(5c6f0bdb80d68d94e8b1201e84ea7808) Importer(815301076,1909f56bfc062723c751e8b465ee728b)
Start importing Assets/Medieval Fortification/Textures/Fortification_Gate_Locker_Albedo.png using Guid(5c6f0bdb80d68d94e8b1201e84ea7808) Importer(815301076,1909f56bfc062723c751e8b465ee728b)  -> (artifact id: '901a2822ec7e912d9735abd451dbaf31') in 0.133842 seconds 
========================================================================
Received Import Request.
  Time since last request: 0.000060 seconds.
  path: Assets/NatureStarterKit2/Standard Assets/Effects/LightFlares/Textures/FlareStar.psd
  artifactKey: Guid(51dc82ef9d11c594d000e7c9e39e7c39) Importer(815301076,1909f56bfc062723c751e8b465ee728b)
Start importing Assets/NatureStarterKit2/Standard Assets/Effects/LightFlares/Textures/FlareStar.psd using Guid(51dc82ef9d11c594d000e7c9e39e7c39) Importer(815301076,1909f56bfc062723c751e8b465ee728b)  -> (artifact id: 'ba28de6899bf970382f1c42cef242ce6') in 0.020781 seconds 
========================================================================
Received Import Request.
  Time since last request: 0.000032 seconds.
  path: Assets/Medieval Fortification/Textures/Fortification_Tower_Corner_Albedo.png
  artifactKey: Guid(d59607bc9aa6c7a49a6641601d35149b) Importer(815301076,1909f56bfc062723c751e8b465ee728b)
Start importing Assets/Medieval Fortification/Textures/Fortification_Tower_Corner_Albedo.png using Guid(d59607bc9aa6c7a49a6641601d35149b) Importer(815301076,1909f56bfc062723c751e8b465ee728b)  -> (artifact id: '4cd7fa55a3f8912c7588e428e43c0eb3') in 1.976675 seconds 
========================================================================
Received Import Request.
  Time since last request: 0.000024 seconds.
  path: Assets/NatureStarterKit2/Standard Assets/Effects/ImageEffects/Textures/HexShape.psd
  artifactKey: Guid(a4cdca73d61814d33ac1587f6c163bca) Importer(815301076,1909f56bfc062723c751e8b465ee728b)
Start importing Assets/NatureStarterKit2/Standard Assets/Effects/ImageEffects/Textures/HexShape.psd using Guid(a4cdca73d61814d33ac1587f6c163bca) Importer(815301076,1909f56bfc062723c751e8b465ee728b)  -> (artifact id: '448cfffac7dc5cb65e4748c305cdb962') in 0.018474 seconds 
========================================================================
Received Import Request.
  Time since last request: 0.000030 seconds.
  path: Assets/NatureStarterKit2/Standard Assets/Effects/ImageEffects/Textures/NoiseEffectGrain.png
  artifactKey: Guid(ffa9c02760c2b4e8eb9814ec06c4b05b) Importer(815301076,1909f56bfc062723c751e8b465ee728b)
Start importing Assets/NatureStarterKit2/Standard Assets/Effects/ImageEffects/Textures/NoiseEffectGrain.png using Guid(ffa9c02760c2b4e8eb9814ec06c4b05b) Importer(815301076,1909f56bfc062723c751e8b465ee728b)  -> (artifact id: '9dc2a43ade650a2c9e846cfe84bcf043') in 0.026593 seconds 
========================================================================
Received Import Request.
  Time since last request: 0.000022 seconds.
  path: Assets/NatureStarterKit2/Nature/bush05_Textures/normal_specular.png
  artifactKey: Guid(ca8eb19e8e565a64fb8f2f4c2d9f9297) Importer(815301076,1909f56bfc062723c751e8b465ee728b)
Start importing Assets/NatureStarterKit2/Nature/bush05_Textures/normal_specular.png using Guid(ca8eb19e8e565a64fb8f2f4c2d9f9297) Importer(815301076,1909f56bfc062723c751e8b465ee728b)  -> (artifact id: '24002ebb3bb151b6f907ee3e5eba5291') in 0.014771 seconds 
========================================================================
Received Import Request.
  Time since last request: 0.000023 seconds.
  path: Assets/NatureStarterKit2/Standard Assets/Effects/ImageEffects/Textures/ContrastEnhanced3D16.png
  artifactKey: Guid(ecd9a2c463dcb476891e43d7c9f16ffa) Importer(815301076,1909f56bfc062723c751e8b465ee728b)
Start importing Assets/NatureStarterKit2/Standard Assets/Effects/ImageEffects/Textures/ContrastEnhanced3D16.png using Guid(ecd9a2c463dcb476891e43d7c9f16ffa) Importer(815301076,1909f56bfc062723c751e8b465ee728b)  -> (artifact id: '52a363c94a870779e0024d7e6f83e8f1') in 0.022682 seconds 
========================================================================
Received Import Request.
  Time since last request: 0.000024 seconds.
  path: Assets/NatureStarterKit2/Nature/tree02_Textures/normal_specular.png
  artifactKey: Guid(ae561c4b1e740354fb9a2b30b2ff4dac) Importer(815301076,1909f56bfc062723c751e8b465ee728b)
Start importing Assets/NatureStarterKit2/Nature/tree02_Textures/normal_specular.png using Guid(ae561c4b1e740354fb9a2b30b2ff4dac) Importer(815301076,1909f56bfc062723c751e8b465ee728b)  -> (artifact id: '10f2a6cd60a161bf602ec79a56a1d8fb') in 0.014638 seconds 
========================================================================
Received Import Request.
  Time since last request: 0.000038 seconds.
  path: Assets/NatureStarterKit2/Nature/tree03_Textures/normal_specular.png
  artifactKey: Guid(62a80745906a31e4e80055fd7ec2add8) Importer(815301076,1909f56bfc062723c751e8b465ee728b)
Start importing Assets/NatureStarterKit2/Nature/tree03_Textures/normal_specular.png using Guid(62a80745906a31e4e80055fd7ec2add8) Importer(815301076,1909f56bfc062723c751e8b465ee728b)  -> (artifact id: 'e70d7e17fe2cde79959127749bae4191') in 0.011702 seconds 
========================================================================
Received Import Request.
  Time since last request: 0.000034 seconds.
  path: Assets/NatureStarterKit2/Nature/tree04_Textures/diffuse.png
  artifactKey: Guid(2358a0d0a1cf20d4ea0018c742bd06e4) Importer(815301076,1909f56bfc062723c751e8b465ee728b)
Start importing Assets/NatureStarterKit2/Nature/tree04_Textures/diffuse.png using Guid(2358a0d0a1cf20d4ea0018c742bd06e4) Importer(815301076,1909f56bfc062723c751e8b465ee728b)  -> (artifact id: 'ef623138272c259dfa395543c9fe5e3d') in 0.011650 seconds 
========================================================================
Received Import Request.
  Time since last request: 0.000024 seconds.
  path: Assets/NatureStarterKit2/Standard Assets/Effects/LightCookies/Textures/LightHardCookie.psd
  artifactKey: Guid(1167c0a28d11119930004d8a4241aa39) Importer(815301076,1909f56bfc062723c751e8b465ee728b)
Start importing Assets/NatureStarterKit2/Standard Assets/Effects/LightCookies/Textures/LightHardCookie.psd using Guid(1167c0a28d11119930004d8a4241aa39) Importer(815301076,1909f56bfc062723c751e8b465ee728b)  -> (artifact id: '4b755654c699d1cfe85344579d1cd62f') in 0.022506 seconds 
========================================================================
Received Import Request.
  Time since last request: 0.000024 seconds.
  path: Assets/Greid/documentation/PS_Layers/Layer4_Pants_Green.png
  artifactKey: Guid(c9554c5826595ad4bb5ab6b0eda21197) Importer(815301076,1909f56bfc062723c751e8b465ee728b)
Start importing Assets/Greid/documentation/PS_Layers/Layer4_Pants_Green.png using Guid(c9554c5826595ad4bb5ab6b0eda21197) Importer(815301076,1909f56bfc062723c751e8b465ee728b)  -> (artifact id: 'e101fdd065b16df8ba3d28e06680a493') in 0.030132 seconds 
========================================================================
Received Import Request.
  Time since last request: 0.000024 seconds.
  path: Assets/Medieval Fortification/Textures/Fortification_Gate_DoorL_Albedo.png
  artifactKey: Guid(7f53522f214d6cc469c3f5beb1055f93) Importer(815301076,1909f56bfc062723c751e8b465ee728b)
Start importing Assets/Medieval Fortification/Textures/Fortification_Gate_DoorL_Albedo.png using Guid(7f53522f214d6cc469c3f5beb1055f93) Importer(815301076,1909f56bfc062723c751e8b465ee728b)  -> (artifact id: '6b068ba4b0675a60ae54f3fe9638d411') in 0.532351 seconds 
========================================================================
Received Import Request.
  Time since last request: 0.000029 seconds.
  path: Assets/NatureStarterKit2/Standard Assets/Effects/ImageEffects/Textures/SphereShape.psd
  artifactKey: Guid(fc00ec05a89da4ff695a4273715cd5ce) Importer(815301076,1909f56bfc062723c751e8b465ee728b)
Start importing Assets/NatureStarterKit2/Standard Assets/Effects/ImageEffects/Textures/SphereShape.psd using Guid(fc00ec05a89da4ff695a4273715cd5ce) Importer(815301076,1909f56bfc062723c751e8b465ee728b)  -> (artifact id: '51198331ebae4dd7e622479f8f5ae375') in 0.018173 seconds 
========================================================================
Received Import Request.
  Time since last request: 0.000024 seconds.
  path: Assets/septimus/textures/septimus_ao.tga
  artifactKey: Guid(ac07685a88cbbdb4ea2bf4c5095290de) Importer(815301076,1909f56bfc062723c751e8b465ee728b)
Start importing Assets/septimus/textures/septimus_ao.tga using Guid(ac07685a88cbbdb4ea2bf4c5095290de) Importer(815301076,1909f56bfc062723c751e8b465ee728b)  -> (artifact id: '690bd1714310a0c040383d459cbb225a') in 0.019837 seconds 
========================================================================
Received Import Request.
  Time since last request: 0.000025 seconds.
  path: Assets/Medieval Fortification/Textures/Fortification_Gate_DoorL_MetallicSmoothness.png
  artifactKey: Guid(f44620aef548d8647843b27b6018317b) Importer(815301076,1909f56bfc062723c751e8b465ee728b)
Start importing Assets/Medieval Fortification/Textures/Fortification_Gate_DoorL_MetallicSmoothness.png using Guid(f44620aef548d8647843b27b6018317b) Importer(815301076,1909f56bfc062723c751e8b465ee728b)  -> (artifact id: '4c00065b79f9eb51bbbdb0ac5e312091') in 0.385076 seconds 
========================================================================
Received Import Request.
  Time since last request: 0.000028 seconds.
  path: Assets/NatureStarterKit2/Nature/bush02_Textures/diffuse.png
  artifactKey: Guid(4fde83dbcc90ddf4496b7d4b4a533032) Importer(815301076,1909f56bfc062723c751e8b465ee728b)
Start importing Assets/NatureStarterKit2/Nature/bush02_Textures/diffuse.png using Guid(4fde83dbcc90ddf4496b7d4b4a533032) Importer(815301076,1909f56bfc062723c751e8b465ee728b)  -> (artifact id: '51c720a486a43cbee0642a1c4a65822e') in 0.014003 seconds 
========================================================================
Received Import Request.
  Time since last request: 0.000031 seconds.
  path: Assets/NatureStarterKit2/Nature/bush03_Textures/normal_specular.png
  artifactKey: Guid(3d94ae574d920c5449fe4e032d8c414d) Importer(815301076,1909f56bfc062723c751e8b465ee728b)
Start importing Assets/NatureStarterKit2/Nature/bush03_Textures/normal_specular.png using Guid(3d94ae574d920c5449fe4e032d8c414d) Importer(815301076,1909f56bfc062723c751e8b465ee728b)  -> (artifact id: 'b442d6b8cefdfab026988a0b9338e65a') in 0.010018 seconds 
========================================================================
Received Import Request.
  Time since last request: 0.000028 seconds.
  path: Assets/Medieval Fortification/Textures/Fortification_Gate_Locker_MetallicSmoothness.png
  artifactKey: Guid(d85df67be2f437d49bcaa98b17f40301) Importer(815301076,1909f56bfc062723c751e8b465ee728b)
Start importing Assets/Medieval Fortification/Textures/Fortification_Gate_Locker_MetallicSmoothness.png using Guid(d85df67be2f437d49bcaa98b17f40301) Importer(815301076,1909f56bfc062723c751e8b465ee728b)  -> (artifact id: '7e4ddb55bf88d892a85f79aa6c927a02') in 0.093412 seconds 
========================================================================
Received Import Request.
  Time since last request: 0.000022 seconds.
  path: Assets/Medieval Fortification/Textures/Fortification_Wall_MetallicSmoothness.png
  artifactKey: Guid(03b2af1a3458c064183c9cac8380807f) Importer(815301076,1909f56bfc062723c751e8b465ee728b)
Start importing Assets/Medieval Fortification/Textures/Fortification_Wall_MetallicSmoothness.png using Guid(03b2af1a3458c064183c9cac8380807f) Importer(815301076,1909f56bfc062723c751e8b465ee728b)  -> (artifact id: 'a436ab103405c02b462c9e82eb3442ca') in 0.488956 seconds 
========================================================================
Received Import Request.
  Time since last request: 0.000025 seconds.
  path: Assets/NatureStarterKit2/Standard Assets/Effects/Projectors/Textures/Grid.psd
  artifactKey: Guid(529239097d02f9f42b0ddd436c6fcbb0) Importer(815301076,1909f56bfc062723c751e8b465ee728b)
Start importing Assets/NatureStarterKit2/Standard Assets/Effects/Projectors/Textures/Grid.psd using Guid(529239097d02f9f42b0ddd436c6fcbb0) Importer(815301076,1909f56bfc062723c751e8b465ee728b)  -> (artifact id: '2b14406dd946d5a8f4cd5b173c645dbb') in 0.015101 seconds 
========================================================================
Received Import Request.
  Time since last request: 0.000031 seconds.
  path: Assets/NatureStarterKit2/Nature/tree02_Textures/translucency_gloss.png
  artifactKey: Guid(da1974f349a2d6a4696866fae760fef8) Importer(815301076,1909f56bfc062723c751e8b465ee728b)
Start importing Assets/NatureStarterKit2/Nature/tree02_Textures/translucency_gloss.png using Guid(da1974f349a2d6a4696866fae760fef8) Importer(815301076,1909f56bfc062723c751e8b465ee728b)  -> (artifact id: 'a80b475cd3ee550598b18459aa9cfdf4') in 0.021658 seconds 
========================================================================
Received Import Request.
  Time since last request: 0.000028 seconds.
  path: Assets/NatureStarterKit2/Nature/bush03_Textures/shadow.png
  artifactKey: Guid(9663e13e6c841444cafc1bed4dbcc299) Importer(815301076,1909f56bfc062723c751e8b465ee728b)
Start importing Assets/NatureStarterKit2/Nature/bush03_Textures/shadow.png using Guid(9663e13e6c841444cafc1bed4dbcc299) Importer(815301076,1909f56bfc062723c751e8b465ee728b)  -> (artifact id: '41bee91a4fc637c987655086a7e2ecaf') in 0.014967 seconds 
========================================================================
Received Import Request.
  Time since last request: 0.000022 seconds.
  path: Assets/Greid/textures/Greid_ao.tga
  artifactKey: Guid(7f84c1a0ad3c4ce488eca9895fa116d9) Importer(815301076,1909f56bfc062723c751e8b465ee728b)
Start importing Assets/Greid/textures/Greid_ao.tga using Guid(7f84c1a0ad3c4ce488eca9895fa116d9) Importer(815301076,1909f56bfc062723c751e8b465ee728b)  -> (artifact id: '068945507d37e4cc47369477bb937002') in 0.029736 seconds 
========================================================================
Received Import Request.
  Time since last request: 0.000060 seconds.
  path: Assets/Medieval Fortification/Show/Lightmap-1_comp_light.exr
  artifactKey: Guid(47c3f0e996f739341b9e0d084c94d290) Importer(815301076,1909f56bfc062723c751e8b465ee728b)
Start importing Assets/Medieval Fortification/Show/Lightmap-1_comp_light.exr using Guid(47c3f0e996f739341b9e0d084c94d290) Importer(815301076,1909f56bfc062723c751e8b465ee728b)  -> (artifact id: '687e906132c9ee8ba280121e1765e561') in 0.040922 seconds 
========================================================================
Received Import Request.
  Time since last request: 0.000025 seconds.
  path: Assets/NatureStarterKit2/Nature/tree01_Textures/normal_specular.png
  artifactKey: Guid(8c09b7803cd35a7439d17c6f8c1afe76) Importer(815301076,1909f56bfc062723c751e8b465ee728b)
Start importing Assets/NatureStarterKit2/Nature/tree01_Textures/normal_specular.png using Guid(8c09b7803cd35a7439d17c6f8c1afe76) Importer(815301076,1909f56bfc062723c751e8b465ee728b)  -> (artifact id: '4552887fa2a824a204108d4ae98cbfc2') in 0.010176 seconds 
========================================================================
Received Import Request.
  Time since last request: 0.000034 seconds.
  path: Assets/NatureStarterKit2/Nature/tree03_Textures/diffuse.png
  artifactKey: Guid(f82d7808d61c0fe40ac870b61d38c05f) Importer(815301076,1909f56bfc062723c751e8b465ee728b)
Start importing Assets/NatureStarterKit2/Nature/tree03_Textures/diffuse.png using Guid(f82d7808d61c0fe40ac870b61d38c05f) Importer(815301076,1909f56bfc062723c751e8b465ee728b)  -> (artifact id: '54b4f10508c01ffd2cbe5169647b8d4d') in 0.016251 seconds 
========================================================================
Received Import Request.
  Time since last request: 0.000025 seconds.
  path: Assets/NatureStarterKit2/Standard Assets/Effects/ImageEffects/Textures/color correction ramp.png
  artifactKey: Guid(d440902fad11e807d00044888d76c639) Importer(815301076,1909f56bfc062723c751e8b465ee728b)
Start importing Assets/NatureStarterKit2/Standard Assets/Effects/ImageEffects/Textures/color correction ramp.png using Guid(d440902fad11e807d00044888d76c639) Importer(815301076,1909f56bfc062723c751e8b465ee728b)  -> (artifact id: '9ee16b3358f95ac67c81b7c1a19d5efe') in 0.022334 seconds 
========================================================================
Received Import Request.
  Time since last request: 0.000037 seconds.
  path: Assets/Greid/documentation/PS_Layers/Layer7_Shield_Green.png
  artifactKey: Guid(2f7ef2ea0c0193d46b5ba9e89d3fd36c) Importer(815301076,1909f56bfc062723c751e8b465ee728b)
Start importing Assets/Greid/documentation/PS_Layers/Layer7_Shield_Green.png using Guid(2f7ef2ea0c0193d46b5ba9e89d3fd36c) Importer(815301076,1909f56bfc062723c751e8b465ee728b)  -> (artifact id: '06b29c868e7b407ccbdc99886a1b90a2') in 0.036767 seconds 
========================================================================
Received Import Request.
  Time since last request: 0.000041 seconds.
  path: Assets/Medieval Fortification/Show/Lightmap-0_comp_dir.png
  artifactKey: Guid(326f0e535ac2b1b45b77233915ce31a6) Importer(815301076,1909f56bfc062723c751e8b465ee728b)
Start importing Assets/Medieval Fortification/Show/Lightmap-0_comp_dir.png using Guid(326f0e535ac2b1b45b77233915ce31a6) Importer(815301076,1909f56bfc062723c751e8b465ee728b)  -> (artifact id: 'b6081ddcc80a2b3f36a13ed8bdb30cf7') in 0.032384 seconds 
========================================================================
Received Import Request.
  Time since last request: 0.000153 seconds.
  path: Assets/NatureStarterKit2/Nature/bush01_Textures/normal_specular.png
  artifactKey: Guid(c0ff824bc7611d6448b7231d21ecb58d) Importer(815301076,1909f56bfc062723c751e8b465ee728b)
Start importing Assets/NatureStarterKit2/Nature/bush01_Textures/normal_specular.png using Guid(c0ff824bc7611d6448b7231d21ecb58d) Importer(815301076,1909f56bfc062723c751e8b465ee728b)  -> (artifact id: 'cd0298ee262f935bdb84bb8812800af8') in 0.013454 seconds 
========================================================================
Received Import Request.
  Time since last request: 0.000029 seconds.
  path: Assets/Greid/textures/Greid_metallic_gloss.tga
  artifactKey: Guid(f23fbbf10b2f38a4fa7e21bba7f0b6dc) Importer(815301076,1909f56bfc062723c751e8b465ee728b)
Start importing Assets/Greid/textures/Greid_metallic_gloss.tga using Guid(f23fbbf10b2f38a4fa7e21bba7f0b6dc) Importer(815301076,1909f56bfc062723c751e8b465ee728b)  -> (artifact id: 'd2561672f97f0fb2089ac80337bf6952') in 0.082468 seconds 
========================================================================
Received Import Request.
  Time since last request: 0.000055 seconds.
  path: Assets/NatureStarterKit2/Nature/tree02_Textures/diffuse.png
  artifactKey: Guid(da4827ac8df28d1439b10b2ec7735a68) Importer(815301076,1909f56bfc062723c751e8b465ee728b)
Start importing Assets/NatureStarterKit2/Nature/tree02_Textures/diffuse.png using Guid(da4827ac8df28d1439b10b2ec7735a68) Importer(815301076,1909f56bfc062723c751e8b465ee728b)  -> (artifact id: '1bd8a3ad6ce274ab6a993bb7e37092c1') in 0.011415 seconds 
========================================================================
Received Import Request.
  Time since last request: 0.000068 seconds.
  path: Assets/NatureStarterKit2/Standard Assets/Effects/LightFlares/Textures/Flare50mm.psd
  artifactKey: Guid(23a02ac18d11c9ffa0009c58a8ad6659) Importer(815301076,1909f56bfc062723c751e8b465ee728b)
Start importing Assets/NatureStarterKit2/Standard Assets/Effects/LightFlares/Textures/Flare50mm.psd using Guid(23a02ac18d11c9ffa0009c58a8ad6659) Importer(815301076,1909f56bfc062723c751e8b465ee728b)  -> (artifact id: 'd29b5bc3934997888b85d9e37f6aef3e') in 0.019865 seconds 
========================================================================
Received Import Request.
  Time since last request: 0.000029 seconds.
  path: Assets/Medieval Fortification/Textures/Fortification_Gate_Wall_Albedo.png
  artifactKey: Guid(e6ebc4c204b7e6943881124aec7b9673) Importer(815301076,1909f56bfc062723c751e8b465ee728b)
Start importing Assets/Medieval Fortification/Textures/Fortification_Gate_Wall_Albedo.png using Guid(e6ebc4c204b7e6943881124aec7b9673) Importer(815301076,1909f56bfc062723c751e8b465ee728b)  -> (artifact id: 'e72ecd4a6b86a65e995fd3f2c7e88879') in 2.323701 seconds 
========================================================================
Received Import Request.
  Time since last request: 0.000031 seconds.
  path: Assets/Greid/documentation/PS_Layers/Layer1_Tatoo_A.png
  artifactKey: Guid(13624024549c31947b5c42bddca40976) Importer(815301076,1909f56bfc062723c751e8b465ee728b)
Start importing Assets/Greid/documentation/PS_Layers/Layer1_Tatoo_A.png using Guid(13624024549c31947b5c42bddca40976) Importer(815301076,1909f56bfc062723c751e8b465ee728b)  -> (artifact id: '6d7a318f278df5087326ecceca0962fb') in 0.031881 seconds 
========================================================================
Received Import Request.
  Time since last request: 0.000023 seconds.
  path: Assets/Medieval Fortification/Textures/Fortification_Gate_Wall_Normal.png
  artifactKey: Guid(f36c7579bf5faee47ba34936b1bc50d4) Importer(815301076,1909f56bfc062723c751e8b465ee728b)
Start importing Assets/Medieval Fortification/Textures/Fortification_Gate_Wall_Normal.png using Guid(f36c7579bf5faee47ba34936b1bc50d4) Importer(815301076,1909f56bfc062723c751e8b465ee728b)  -> (artifact id: 'dddb2b6f37d009c4ee508f92c4dd40cb') in 0.040221 seconds 
========================================================================
Received Import Request.
  Time since last request: 0.000102 seconds.
  path: Assets/Medieval Fortification/Show/ReflectionProbe-1.exr
  artifactKey: Guid(e6ca80c88d8df36409e9e3a494ea3966) Importer(815301076,1909f56bfc062723c751e8b465ee728b)
Start importing Assets/Medieval Fortification/Show/ReflectionProbe-1.exr using Guid(e6ca80c88d8df36409e9e3a494ea3966) Importer(815301076,1909f56bfc062723c751e8b465ee728b)  -> (artifact id: 'e8c01abef2c7a2706b8d4bd163f6a692') in 0.038911 seconds 
========================================================================
Received Import Request.
  Time since last request: 0.000044 seconds.
  path: Assets/NatureStarterKit2/Nature/tree04_Textures/shadow.png
  artifactKey: Guid(72f5e509a5e5ca04a9cc9e1b40193f99) Importer(815301076,1909f56bfc062723c751e8b465ee728b)
Start importing Assets/NatureStarterKit2/Nature/tree04_Textures/shadow.png using Guid(72f5e509a5e5ca04a9cc9e1b40193f99) Importer(815301076,1909f56bfc062723c751e8b465ee728b)  -> (artifact id: '562a88ebc000d9dc13191884eb9d7fc4') in 0.008935 seconds 
========================================================================
Received Import Request.
  Time since last request: 0.000030 seconds.
  path: Assets/NatureStarterKit2/Standard Assets/Effects/ToonShading/Textures/ToonLit.psd
  artifactKey: Guid(b995d4bd9d11078d11005b9844295342) Importer(815301076,1909f56bfc062723c751e8b465ee728b)
Start importing Assets/NatureStarterKit2/Standard Assets/Effects/ToonShading/Textures/ToonLit.psd using Guid(b995d4bd9d11078d11005b9844295342) Importer(815301076,1909f56bfc062723c751e8b465ee728b)  -> (artifact id: '8dd6d0ed290a56cf7f65a1d015564645') in 0.022462 seconds 
========================================================================
Received Import Request.
  Time since last request: 0.000038 seconds.
  path: Assets/Medieval Fortification/Textures/Fortification_Gate_DoorR_Normal.png
  artifactKey: Guid(c85e1c981e9358545a881515b4e5602b) Importer(815301076,1909f56bfc062723c751e8b465ee728b)
Start importing Assets/Medieval Fortification/Textures/Fortification_Gate_DoorR_Normal.png using Guid(c85e1c981e9358545a881515b4e5602b) Importer(815301076,1909f56bfc062723c751e8b465ee728b)  -> (artifact id: '81cb65fb15572d029926b3404043eeb7') in 0.031619 seconds 
========================================================================
Received Import Request.
  Time since last request: 0.000132 seconds.
  path: Assets/Medieval Fortification/Textures/Fortification_Tower_Front_Normal.png
  artifactKey: Guid(5f0edb1d147df5747bf6ca1d9ed7c822) Importer(815301076,1909f56bfc062723c751e8b465ee728b)
Start importing Assets/Medieval Fortification/Textures/Fortification_Tower_Front_Normal.png using Guid(5f0edb1d147df5747bf6ca1d9ed7c822) Importer(815301076,1909f56bfc062723c751e8b465ee728b)  -> (artifact id: '14865ce1b918c120cbb84210a6ff5b9a') in 0.039269 seconds 
========================================================================
Received Import Request.
  Time since last request: 0.000091 seconds.
  path: Assets/NatureStarterKit2/Standard Assets/Effects/Projectors/Textures/Falloff.psd
  artifactKey: Guid(23740055e2b119e40a939138ab8070f8) Importer(815301076,1909f56bfc062723c751e8b465ee728b)
Start importing Assets/NatureStarterKit2/Standard Assets/Effects/Projectors/Textures/Falloff.psd using Guid(23740055e2b119e40a939138ab8070f8) Importer(815301076,1909f56bfc062723c751e8b465ee728b)  -> (artifact id: 'a148434ae14f0105651a04b5b5b0b873') in 0.016584 seconds 
========================================================================
Received Import Request.
  Time since last request: 0.000038 seconds.
  path: Assets/septimus/textures/septimus_metallic.tga
  artifactKey: Guid(9f4a3e8d02057f2408bb9a1e92ba43d1) Importer(815301076,1909f56bfc062723c751e8b465ee728b)
Start importing Assets/septimus/textures/septimus_metallic.tga using Guid(9f4a3e8d02057f2408bb9a1e92ba43d1) Importer(815301076,1909f56bfc062723c751e8b465ee728b)  -> (artifact id: 'b7f0fe88e1b520bb4ac018e31d5d152c') in 0.025673 seconds 
========================================================================
Received Import Request.
  Time since last request: 0.000116 seconds.
  path: Assets/Medieval Fortification/Textures/Fortification_Gate_DoorL_Normal.png
  artifactKey: Guid(d81ef1f401c88c64ea3b4b6c4ae32b26) Importer(815301076,1909f56bfc062723c751e8b465ee728b)
Start importing Assets/Medieval Fortification/Textures/Fortification_Gate_DoorL_Normal.png using Guid(d81ef1f401c88c64ea3b4b6c4ae32b26) Importer(815301076,1909f56bfc062723c751e8b465ee728b)  -> (artifact id: '637101a1b7c7910d4f1039a9f83a97be') in 0.024373 seconds 
========================================================================
Received Import Request.
  Time since last request: 0.000094 seconds.
  path: Assets/NatureStarterKit2/Standard Assets/Effects/ImageEffects/Textures/NoiseAndGrain.png
  artifactKey: Guid(7a632f967e8ad42f5bd275898151ab6a) Importer(815301076,1909f56bfc062723c751e8b465ee728b)
Start importing Assets/NatureStarterKit2/Standard Assets/Effects/ImageEffects/Textures/NoiseAndGrain.png using Guid(7a632f967e8ad42f5bd275898151ab6a) Importer(815301076,1909f56bfc062723c751e8b465ee728b)  -> (artifact id: 'b78c636bdc7cda51ce60c833ccae07a0') in 0.026017 seconds 
Editor requested this worker to shutdown with reason: Scaling down because of idle timeout
AssetImportWorker is now disconnected from the server
Process exiting
Exiting without the bug reporter. Application will terminate with return code 0