Using pre-set license
Built from '2021.3/release' branch; Version is '2021.3.12f1 (8af3c3e441b1) revision 9106371'; Using compiler version '192829333'; Build Type 'Release'
OS: 'Windows 10  (10.0.19044) 64bit Core' Language: 'en' Physical Memory: 16177 MB
BatchMode: 1, IsHumanControllingUs: 0, StartBugReporterOnCrash: 0, Is64bit: 1, IsPro: 1

COMMAND LINE ARGUMENTS:
C:\Program Files\Unity\Hub\Editor\2021.3.12f1\Editor\Unity.exe
-adb2
-batchMode
-noUpm
-name
AssetImportWorker0
-projectPath
C:/Users/csmol/Documents/Git/CombatSystem/CombatSystemDemo
-logFile
Logs/AssetImportWorker0.log
-srvPort
64145
Successfully changed project path to: C:/Users/csmol/Documents/Git/CombatSystem/CombatSystemDemo
C:/Users/csmol/Documents/Git/CombatSystem/CombatSystemDemo
[UnityMemory] Configuration Parameters - Can be set up in boot.config
    "memorysetup-bucket-allocator-granularity=16"
    "memorysetup-bucket-allocator-bucket-count=8"
    "memorysetup-bucket-allocator-block-size=33554432"
    "memorysetup-bucket-allocator-block-count=8"
    "memorysetup-main-allocator-block-size=16777216"
    "memorysetup-thread-allocator-block-size=16777216"
    "memorysetup-gfx-main-allocator-block-size=16777216"
    "memorysetup-gfx-thread-allocator-block-size=16777216"
    "memorysetup-cache-allocator-block-size=4194304"
    "memorysetup-typetree-allocator-block-size=2097152"
    "memorysetup-profiler-bucket-allocator-granularity=16"
    "memorysetup-profiler-bucket-allocator-bucket-count=8"
    "memorysetup-profiler-bucket-allocator-block-size=33554432"
    "memorysetup-profiler-bucket-allocator-block-count=8"
    "memorysetup-profiler-allocator-block-size=16777216"
    "memorysetup-profiler-editor-allocator-block-size=1048576"
    "memorysetup-temp-allocator-size-main=16777216"
    "memorysetup-job-temp-allocator-block-size=2097152"
    "memorysetup-job-temp-allocator-block-size-background=1048576"
    "memorysetup-job-temp-allocator-reduction-small-platforms=262144"
    "memorysetup-temp-allocator-size-background-worker=32768"
    "memorysetup-temp-allocator-size-job-worker=262144"
    "memorysetup-temp-allocator-size-preload-manager=33554432"
    "memorysetup-temp-allocator-size-nav-mesh-worker=65536"
    "memorysetup-temp-allocator-size-audio-worker=65536"
    "memorysetup-temp-allocator-size-cloud-worker=32768"
    "memorysetup-temp-allocator-size-gi-baking-worker=262144"
    "memorysetup-temp-allocator-size-gfx=262144"
Refreshing native plugins compatible for Editor in 114.60 ms, found 3 plugins.
Preloading 0 native plugins for Editor in 0.00 ms.
Initialize engine version: 2021.3.12f1 (8af3c3e441b1)
[Subsystems] Discovering subsystems at path C:/Program Files/Unity/Hub/Editor/2021.3.12f1/Editor/Data/Resources/UnitySubsystems
[Subsystems] Discovering subsystems at path C:/Users/csmol/Documents/Git/CombatSystem/CombatSystemDemo/Assets
GfxDevice: creating device client; threaded=0; jobified=0
Direct3D:
    Version:  Direct3D 11.0 [level 11.1]
    Renderer: NVIDIA GeForce RTX 2060 (ID=0x1f11)
    Vendor:   NVIDIA
    VRAM:     5980 MB
    Driver:   27.21.14.6618
Initialize mono
Mono path[0] = 'C:/Program Files/Unity/Hub/Editor/2021.3.12f1/Editor/Data/Managed'
Mono path[1] = 'C:/Program Files/Unity/Hub/Editor/2021.3.12f1/Editor/Data/MonoBleedingEdge/lib/mono/unityjit-win32'
Mono config path = 'C:/Program Files/Unity/Hub/Editor/2021.3.12f1/Editor/Data/MonoBleedingEdge/etc'
Using monoOptions --debugger-agent=transport=dt_socket,embedding=1,server=y,suspend=n,address=127.0.0.1:56024
Begin MonoManager ReloadAssembly
Registering precompiled unity dll's ...
Register platform support module: C:/Program Files/Unity/Hub/Editor/2021.3.12f1/Editor/Data/PlaybackEngines/WindowsStandaloneSupport/UnityEditor.WindowsStandalone.Extensions.dll
Registered in 0.008953 seconds.
Native extension for WindowsStandalone target not found
Refreshing native plugins compatible for Editor in 109.68 ms, found 3 plugins.
Preloading 0 native plugins for Editor in 0.00 ms.
Mono: successfully reloaded assembly
- Completed reload, in  0.763 seconds
Domain Reload Profiling:
	ReloadAssembly (763ms)
		BeginReloadAssembly (88ms)
			ExecutionOrderSort (0ms)
			DisableScriptedObjects (0ms)
			BackupInstance (0ms)
			ReleaseScriptingObjects (0ms)
			CreateAndSetChildDomain (1ms)
		EndReloadAssembly (543ms)
			LoadAssemblies (85ms)
			RebuildTransferFunctionScriptingTraits (0ms)
			SetupTypeCache (115ms)
			ReleaseScriptCaches (0ms)
			RebuildScriptCaches (37ms)
			SetupLoadedEditorAssemblies (331ms)
				LogAssemblyErrors (0ms)
				InitializePlatformSupportModulesInManaged (10ms)
				SetLoadedEditorAssemblies (0ms)
				RefreshPlugins (110ms)
				BeforeProcessingInitializeOnLoad (2ms)
				ProcessInitializeOnLoadAttributes (161ms)
				ProcessInitializeOnLoadMethodAttributes (48ms)
				AfterProcessingInitializeOnLoad (0ms)
				EditorAssembliesLoaded (0ms)
			ExecutionOrderSort2 (0ms)
			AwakeInstancesAfterBackupRestoration (0ms)
Platform modules already initialized, skipping
Registering precompiled user dll's ...
Registered in 0.006716 seconds.
Begin MonoManager ReloadAssembly
Symbol file LoadedFromMemory doesn't match image C:\Users\csmol\Documents\Git\CombatSystem\CombatSystemDemo\Library\PackageCache\com.unity.visualscripting@1.7.8\Editor\VisualScripting.Core\Dependencies\YamlDotNet\Unity.VisualScripting.YamlDotNet.dll
Symbol file LoadedFromMemory doesn't match image C:\Users\csmol\Documents\Git\CombatSystem\CombatSystemDemo\Library\PackageCache\com.unity.visualscripting@1.7.8\Editor\VisualScripting.Core\Dependencies\DotNetZip\Unity.VisualScripting.IonicZip.dll
Native extension for WindowsStandalone target not found
Refreshing native plugins compatible for Editor in 0.64 ms, found 3 plugins.
Preloading 0 native plugins for Editor in 0.00 ms.
Mono: successfully reloaded assembly
- Completed reload, in  1.234 seconds
Domain Reload Profiling:
	ReloadAssembly (1235ms)
		BeginReloadAssembly (133ms)
			ExecutionOrderSort (0ms)
			DisableScriptedObjects (8ms)
			BackupInstance (0ms)
			ReleaseScriptingObjects (0ms)
			CreateAndSetChildDomain (21ms)
		EndReloadAssembly (979ms)
			LoadAssemblies (96ms)
			RebuildTransferFunctionScriptingTraits (0ms)
			SetupTypeCache (299ms)
			ReleaseScriptCaches (1ms)
			RebuildScriptCaches (60ms)
			SetupLoadedEditorAssemblies (476ms)
				LogAssemblyErrors (0ms)
				InitializePlatformSupportModulesInManaged (8ms)
				SetLoadedEditorAssemblies (1ms)
				RefreshPlugins (1ms)
				BeforeProcessingInitializeOnLoad (127ms)
				ProcessInitializeOnLoadAttributes (299ms)
				ProcessInitializeOnLoadMethodAttributes (32ms)
				AfterProcessingInitializeOnLoad (9ms)
				EditorAssembliesLoaded (0ms)
			ExecutionOrderSort2 (0ms)
			AwakeInstancesAfterBackupRestoration (6ms)
Platform modules already initialized, skipping
========================================================================
Worker process is ready to serve import requests
Launched and connected shader compiler UnityShaderCompiler.exe after 0.04 seconds
Refreshing native plugins compatible for Editor in 1.21 ms, found 3 plugins.
Preloading 0 native plugins for Editor in 0.00 ms.
Unloading 3509 Unused Serialized files (Serialized files now loaded: 0)
Unloading 29 unused Assets / (493.6 KB). Loaded Objects now: 3994.
Memory consumption went from 157.4 MB to 156.9 MB.
Total: 8.340500 ms (FindLiveObjects: 0.542000 ms CreateObjectMapping: 0.437600 ms MarkObjects: 6.658400 ms  DeleteObjects: 0.700800 ms)

AssetImportParameters requested are different than current active one (requested -> active):
  custom:video-decoder-ogg-theora: a1e56fd34408186e4bbccfd4996cb3dc -> 
  custom:container-muxer-webm: aa71ff27fc2769a1b78a27578f13a17b -> 
  custom:container-demuxer-webm: 4f35f7cbe854078d1ac9338744f61a02 -> 
  custom:video-encoder-webm-vp8: eb34c28f22e8b96e1ab97ce403110664 -> 
  custom:video-codec-MediaFoundation-h265: 746d11721c4dcdbdad8f713fa42b33f4 -> 
  custom:audio-encoder-webm-vorbis: bf7c407c2cedff20999df2af8eb42d56 -> 
  custom:framework-win-MediaFoundation: 216162199b28c13a410421893ffa2e32 -> 
  custom:container-demuxer-ogg: 62fdf1f143b41e24485cea50d1cbac27 -> 
  custom:video-decoder-webm-vp8: 9c59270c3fd7afecdb556c50c9e8de78 -> 
  custom:audio-decoder-ogg-vorbis: bf7c407c2cedff20999df2af8eb42d56 -> 
========================================================================
Received Import Request.
  Time since last request: 5366.611932 seconds.
  path: Assets/Third Party Assets/NatureStarterKit2/Standard Assets/Effects/GlassRefraction
  artifactKey: Guid(3c788335fe2df44ca9bbf95bc580ce4d) Importer(815301076,1909f56bfc062723c751e8b465ee728b)
Start importing Assets/Third Party Assets/NatureStarterKit2/Standard Assets/Effects/GlassRefraction using Guid(3c788335fe2df44ca9bbf95bc580ce4d) Importer(815301076,1909f56bfc062723c751e8b465ee728b)  -> (artifact id: '0e36ab7c677e41355d0400ecb2c33fbe') in 0.022171 seconds 
========================================================================
Received Import Request.
  Time since last request: 0.000033 seconds.
  path: Assets/Third Party Assets/NatureStarterKit2/Standard Assets/Effects
  artifactKey: Guid(115d1f9d9bd29064ab981e57c8fc8cdf) Importer(815301076,1909f56bfc062723c751e8b465ee728b)
Start importing Assets/Third Party Assets/NatureStarterKit2/Standard Assets/Effects using Guid(115d1f9d9bd29064ab981e57c8fc8cdf) Importer(815301076,1909f56bfc062723c751e8b465ee728b)  -> (artifact id: '1749c5217f008b449316c874469df2c6') in 0.011863 seconds 
========================================================================
Received Import Request.
  Time since last request: 2.086052 seconds.
  path: Assets/Third Party Assets/NatureStarterKit2/Standard Assets/Effects/GlassRefraction/Shaders
  artifactKey: Guid(194c5f733c7534ed790e101791e86518) Importer(815301076,1909f56bfc062723c751e8b465ee728b)
Start importing Assets/Third Party Assets/NatureStarterKit2/Standard Assets/Effects/GlassRefraction/Shaders using Guid(194c5f733c7534ed790e101791e86518) Importer(815301076,1909f56bfc062723c751e8b465ee728b)  -> (artifact id: '78d3904afb274446d341041c196c94d0') in 0.007450 seconds 
========================================================================
Received Import Request.
  Time since last request: 1.067767 seconds.
  path: Assets/Third Party Assets/NatureStarterKit2/Standard Assets/Effects/GlassRefraction/Shaders/GlassStainedBumpDistort.shader
  artifactKey: Guid(963484209d11fd7f110076aa44295342) Importer(815301076,1909f56bfc062723c751e8b465ee728b)
Start importing Assets/Third Party Assets/NatureStarterKit2/Standard Assets/Effects/GlassRefraction/Shaders/GlassStainedBumpDistort.shader using Guid(963484209d11fd7f110076aa44295342) Importer(815301076,1909f56bfc062723c751e8b465ee728b)  -> (artifact id: '6ce30de8f9c56c3594e096125038563f') in 0.045026 seconds 
========================================================================
Received Prepare
Registering precompiled user dll's ...
Registered in 0.007149 seconds.
Begin MonoManager ReloadAssembly
Symbol file LoadedFromMemory doesn't match image C:\Users\csmol\Documents\Git\CombatSystem\CombatSystemDemo\Library\PackageCache\com.unity.visualscripting@1.7.8\Editor\VisualScripting.Core\Dependencies\YamlDotNet\Unity.VisualScripting.YamlDotNet.dll
Symbol file LoadedFromMemory doesn't match image C:\Users\csmol\Documents\Git\CombatSystem\CombatSystemDemo\Library\PackageCache\com.unity.visualscripting@1.7.8\Editor\VisualScripting.Core\Dependencies\DotNetZip\Unity.VisualScripting.IonicZip.dll
Native extension for WindowsStandalone target not found
Refreshing native plugins compatible for Editor in 1.40 ms, found 3 plugins.
Preloading 0 native plugins for Editor in 0.00 ms.
Mono: successfully reloaded assembly
- Completed reload, in  1.543 seconds
Domain Reload Profiling:
	ReloadAssembly (1544ms)
		BeginReloadAssembly (165ms)
			ExecutionOrderSort (0ms)
			DisableScriptedObjects (8ms)
			BackupInstance (0ms)
			ReleaseScriptingObjects (0ms)
			CreateAndSetChildDomain (46ms)
		EndReloadAssembly (1248ms)
			LoadAssemblies (100ms)
			RebuildTransferFunctionScriptingTraits (0ms)
			SetupTypeCache (413ms)
			ReleaseScriptCaches (1ms)
			RebuildScriptCaches (72ms)
			SetupLoadedEditorAssemblies (570ms)
				LogAssemblyErrors (0ms)
				InitializePlatformSupportModulesInManaged (21ms)
				SetLoadedEditorAssemblies (1ms)
				RefreshPlugins (2ms)
				BeforeProcessingInitializeOnLoad (119ms)
				ProcessInitializeOnLoadAttributes (361ms)
				ProcessInitializeOnLoadMethodAttributes (51ms)
				AfterProcessingInitializeOnLoad (14ms)
				EditorAssembliesLoaded (0ms)
			ExecutionOrderSort2 (0ms)
			AwakeInstancesAfterBackupRestoration (11ms)
Platform modules already initialized, skipping
Refreshing native plugins compatible for Editor in 7.06 ms, found 3 plugins.
Preloading 0 native plugins for Editor in 0.00 ms.
Unloading 3432 Unused Serialized files (Serialized files now loaded: 0)
Unloading 22 unused Assets / (438.7 KB). Loaded Objects now: 3998.
Memory consumption went from 149.8 MB to 149.3 MB.
Total: 15.035200 ms (FindLiveObjects: 1.522800 ms CreateObjectMapping: 0.593500 ms MarkObjects: 12.343800 ms  DeleteObjects: 0.573200 ms)

AssetImportParameters requested are different than current active one (requested -> active):
  custom:video-decoder-ogg-theora: a1e56fd34408186e4bbccfd4996cb3dc -> 
  custom:container-muxer-webm: aa71ff27fc2769a1b78a27578f13a17b -> 
  custom:container-demuxer-webm: 4f35f7cbe854078d1ac9338744f61a02 -> 
  custom:video-encoder-webm-vp8: eb34c28f22e8b96e1ab97ce403110664 -> 
  custom:video-codec-MediaFoundation-h265: 746d11721c4dcdbdad8f713fa42b33f4 -> 
  custom:audio-encoder-webm-vorbis: bf7c407c2cedff20999df2af8eb42d56 -> 
  custom:framework-win-MediaFoundation: 216162199b28c13a410421893ffa2e32 -> 
  custom:container-demuxer-ogg: 62fdf1f143b41e24485cea50d1cbac27 -> 
  custom:video-decoder-webm-vp8: 9c59270c3fd7afecdb556c50c9e8de78 -> 
  custom:audio-decoder-ogg-vorbis: bf7c407c2cedff20999df2af8eb42d56 -> 
========================================================================
Received Import Request.
  Time since last request: 323.304942 seconds.
  path: Assets/New Terrain.asset
  artifactKey: Guid(5c98ef27ff49d974f94557ae50e989a3) Importer(815301076,1909f56bfc062723c751e8b465ee728b)
Start importing Assets/New Terrain.asset using Guid(5c98ef27ff49d974f94557ae50e989a3) Importer(815301076,1909f56bfc062723c751e8b465ee728b)  -> (artifact id: 'c54f56ee9b9e3255b85fab91103c722d') in 0.166109 seconds 
Thread 00000000000052A0 may have been prematurely finalized
Thread 00000000000052A0 may have been prematurely finalized
========================================================================
Received Import Request.
  Time since last request: 78.609446 seconds.
  path: Assets/Third Party Assets/NatureStarterKit2/Standard Assets/Effects/Projectors/Prefabs/BlobShadowProjector.prefab
  artifactKey: Guid(28a5e79925e3ce04a82856c16a572cbe) Importer(815301076,1909f56bfc062723c751e8b465ee728b)
Start importing Assets/Third Party Assets/NatureStarterKit2/Standard Assets/Effects/Projectors/Prefabs/BlobShadowProjector.prefab using Guid(28a5e79925e3ce04a82856c16a572cbe) Importer(815301076,1909f56bfc062723c751e8b465ee728b)  -> (artifact id: '851d7cfafb70b6bac4d2f6b04535b637') in 0.019962 seconds 
========================================================================
Received Import Request.
  Time since last request: 16.772656 seconds.
  path: Assets/Third Party Assets/NatureStarterKit2/Standard Assets/Effects/ToonShading/Shaders
  artifactKey: Guid(adec466a1f9044ea78471a5ce6f78271) Importer(815301076,1909f56bfc062723c751e8b465ee728b)
Start importing Assets/Third Party Assets/NatureStarterKit2/Standard Assets/Effects/ToonShading/Shaders using Guid(adec466a1f9044ea78471a5ce6f78271) Importer(815301076,1909f56bfc062723c751e8b465ee728b)  -> (artifact id: 'c24453272e52e218d3e9db6a39879db7') in 0.005953 seconds 
========================================================================
Received Import Request.
  Time since last request: 20.062020 seconds.
  path: Assets/Third Party Assets/NatureStarterKit2/Standard Assets/Effects/TessellationShaders/Shaders
  artifactKey: Guid(4624d7d4686ce7a498e4c4092550416f) Importer(815301076,1909f56bfc062723c751e8b465ee728b)
Start importing Assets/Third Party Assets/NatureStarterKit2/Standard Assets/Effects/TessellationShaders/Shaders using Guid(4624d7d4686ce7a498e4c4092550416f) Importer(815301076,1909f56bfc062723c751e8b465ee728b)  -> (artifact id: '7de776069728eff30eca4fb6be0b7d79') in 0.002220 seconds 
========================================================================
Received Import Request.
  Time since last request: 18.987663 seconds.
  path: Assets/Third Party Assets/NatureStarterKit2/Standard Assets/Effects/ImageEffects/Shaders
  artifactKey: Guid(b2145489f7c704db8acb14a52bddeee9) Importer(815301076,1909f56bfc062723c751e8b465ee728b)
Start importing Assets/Third Party Assets/NatureStarterKit2/Standard Assets/Effects/ImageEffects/Shaders using Guid(b2145489f7c704db8acb14a52bddeee9) Importer(815301076,1909f56bfc062723c751e8b465ee728b)  -> (artifact id: 'ae1c79a16538e3557904a5c22b8e63c0') in 0.002206 seconds 
========================================================================
Received Import Request.
  Time since last request: 0.089035 seconds.
  path: Assets/Third Party Assets/NatureStarterKit2/Standard Assets/Effects/ImageEffects/Shaders/frag_ao.cginc
  artifactKey: Guid(51ae11a5cd82fda468a85179946d672a) Importer(815301076,1909f56bfc062723c751e8b465ee728b)
Start importing Assets/Third Party Assets/NatureStarterKit2/Standard Assets/Effects/ImageEffects/Shaders/frag_ao.cginc using Guid(51ae11a5cd82fda468a85179946d672a) Importer(815301076,1909f56bfc062723c751e8b465ee728b)  -> (artifact id: 'cacd94da6b6707f622505c42e11fd71a') in 0.011599 seconds 
========================================================================
Received Import Request.
  Time since last request: 28.744971 seconds.
  path: Assets/Third Party Assets/NatureStarterKit2/Scene/New Terrain.asset
  artifactKey: Guid(32620d2a18d1d6543869088db9e2d1c5) Importer(815301076,1909f56bfc062723c751e8b465ee728b)
Start importing Assets/Third Party Assets/NatureStarterKit2/Scene/New Terrain.asset using Guid(32620d2a18d1d6543869088db9e2d1c5) Importer(815301076,1909f56bfc062723c751e8b465ee728b)  -> (artifact id: 'f50457d11e25f10d9ac6e83e1355299b') in 0.106802 seconds 
========================================================================
Received Import Request.
  Time since last request: 0.344292 seconds.
  path: Assets/Third Party Assets/NatureStarterKit2/Scene/SecondaryTerrain.asset
  artifactKey: Guid(7f570b916f436aa4c9d4676e57349fd4) Importer(815301076,1909f56bfc062723c751e8b465ee728b)
Start importing Assets/Third Party Assets/NatureStarterKit2/Scene/SecondaryTerrain.asset using Guid(7f570b916f436aa4c9d4676e57349fd4) Importer(815301076,1909f56bfc062723c751e8b465ee728b)  -> (artifact id: '99ca334a8151f3b814a2e8f252abb05a') in 0.081681 seconds 
========================================================================
Received Import Request.
  Time since last request: 239.183559 seconds.
  path: Assets/New Terrain.asset
  artifactKey: Guid(5c98ef27ff49d974f94557ae50e989a3) Importer(815301076,1909f56bfc062723c751e8b465ee728b)
Start importing Assets/New Terrain.asset using Guid(5c98ef27ff49d974f94557ae50e989a3) Importer(815301076,1909f56bfc062723c751e8b465ee728b)  -> (artifact id: 'b973e520aeaf449c79ab36ac63cacb92') in 0.059876 seconds 
========================================================================
Received Import Request.
  Time since last request: 25.564901 seconds.
  path: Assets/TerrainEngine.shader
  artifactKey: Guid(e7a0bea934382d84f9e1215f02410efe) Importer(815301076,1909f56bfc062723c751e8b465ee728b)
Start importing Assets/TerrainEngine.shader using Guid(e7a0bea934382d84f9e1215f02410efe) Importer(815301076,1909f56bfc062723c751e8b465ee728b)  -> (artifact id: '57345268741921e28bf73088e4ce2fe7') in 0.007291 seconds 
========================================================================
Received Import Request.
  Time since last request: 78.316530 seconds.
  path: Assets/TerrainEngine.shader
  artifactKey: Guid(e7a0bea934382d84f9e1215f02410efe) Importer(815301076,1909f56bfc062723c751e8b465ee728b)
Start importing Assets/TerrainEngine.shader using Guid(e7a0bea934382d84f9e1215f02410efe) Importer(815301076,1909f56bfc062723c751e8b465ee728b)  -> (artifact id: 'fbe6003ba9be867aac7143599f3a1961') in 0.004715 seconds 
========================================================================
Received Prepare
Registering precompiled user dll's ...
Registered in 0.006952 seconds.
Begin MonoManager ReloadAssembly
Symbol file LoadedFromMemory doesn't match image C:\Users\csmol\Documents\Git\CombatSystem\CombatSystemDemo\Library\PackageCache\com.unity.visualscripting@1.7.8\Editor\VisualScripting.Core\Dependencies\YamlDotNet\Unity.VisualScripting.YamlDotNet.dll
Symbol file LoadedFromMemory doesn't match image C:\Users\csmol\Documents\Git\CombatSystem\CombatSystemDemo\Library\PackageCache\com.unity.visualscripting@1.7.8\Editor\VisualScripting.Core\Dependencies\DotNetZip\Unity.VisualScripting.IonicZip.dll
Native extension for WindowsStandalone target not found
Refreshing native plugins compatible for Editor in 0.72 ms, found 3 plugins.
Preloading 0 native plugins for Editor in 0.00 ms.
Mono: successfully reloaded assembly
- Completed reload, in  1.661 seconds
Domain Reload Profiling:
	ReloadAssembly (1662ms)
		BeginReloadAssembly (175ms)
			ExecutionOrderSort (0ms)
			DisableScriptedObjects (7ms)
			BackupInstance (0ms)
			ReleaseScriptingObjects (0ms)
			CreateAndSetChildDomain (47ms)
		EndReloadAssembly (1353ms)
			LoadAssemblies (116ms)
			RebuildTransferFunctionScriptingTraits (0ms)
			SetupTypeCache (430ms)
			ReleaseScriptCaches (2ms)
			RebuildScriptCaches (84ms)
			SetupLoadedEditorAssemblies (634ms)
				LogAssemblyErrors (0ms)
				InitializePlatformSupportModulesInManaged (24ms)
				SetLoadedEditorAssemblies (1ms)
				RefreshPlugins (1ms)
				BeforeProcessingInitializeOnLoad (153ms)
				ProcessInitializeOnLoadAttributes (386ms)
				ProcessInitializeOnLoadMethodAttributes (53ms)
				AfterProcessingInitializeOnLoad (15ms)
				EditorAssembliesLoaded (0ms)
			ExecutionOrderSort2 (0ms)
			AwakeInstancesAfterBackupRestoration (9ms)
Platform modules already initialized, skipping
Refreshing native plugins compatible for Editor in 4.77 ms, found 3 plugins.
Preloading 0 native plugins for Editor in 0.00 ms.
Unloading 3433 Unused Serialized files (Serialized files now loaded: 0)
Unloading 23 unused Assets / (465.8 KB). Loaded Objects now: 4003.
Memory consumption went from 150.0 MB to 149.6 MB.
Total: 7.890100 ms (FindLiveObjects: 0.495200 ms CreateObjectMapping: 0.396100 ms MarkObjects: 6.286000 ms  DeleteObjects: 0.711000 ms)

AssetImportParameters requested are different than current active one (requested -> active):
  custom:video-decoder-ogg-theora: a1e56fd34408186e4bbccfd4996cb3dc -> 
  custom:container-muxer-webm: aa71ff27fc2769a1b78a27578f13a17b -> 
  custom:container-demuxer-webm: 4f35f7cbe854078d1ac9338744f61a02 -> 
  custom:video-encoder-webm-vp8: eb34c28f22e8b96e1ab97ce403110664 -> 
  custom:video-codec-MediaFoundation-h265: 746d11721c4dcdbdad8f713fa42b33f4 -> 
  custom:audio-encoder-webm-vorbis: bf7c407c2cedff20999df2af8eb42d56 -> 
  custom:framework-win-MediaFoundation: 216162199b28c13a410421893ffa2e32 -> 
  custom:container-demuxer-ogg: 62fdf1f143b41e24485cea50d1cbac27 -> 
  custom:video-decoder-webm-vp8: 9c59270c3fd7afecdb556c50c9e8de78 -> 
  custom:audio-decoder-ogg-vorbis: bf7c407c2cedff20999df2af8eb42d56 -> 
========================================================================
Received Import Request.
  Time since last request: 270.458207 seconds.
  path: Assets/TerrainEngine.cginc
  artifactKey: Guid(2847461c0c75a1b40ab46ca361f7aee1) Importer(815301076,1909f56bfc062723c751e8b465ee728b)
Start importing Assets/TerrainEngine.cginc using Guid(2847461c0c75a1b40ab46ca361f7aee1) Importer(815301076,1909f56bfc062723c751e8b465ee728b)  -> (artifact id: '8ee8620d90ca80cd0189bbf01dc370f9') in 0.029666 seconds 
========================================================================
Received Import Request.
  Time since last request: 59.799431 seconds.
  path: Assets/TerrainEngine.cginc
  artifactKey: Guid(2847461c0c75a1b40ab46ca361f7aee1) Importer(815301076,1909f56bfc062723c751e8b465ee728b)
Start importing Assets/TerrainEngine.cginc using Guid(2847461c0c75a1b40ab46ca361f7aee1) Importer(815301076,1909f56bfc062723c751e8b465ee728b)  -> (artifact id: 'faa4a1a3288057ebcc9446321644f35b') in 0.002431 seconds 
