Using pre-set license
Built from '2021.3/release' branch; Version is '2021.3.12f1 (8af3c3e441b1) revision 9106371'; Using compiler version '192829333'; Build Type 'Release'
OS: 'Windows 10  (10.0.19044) 64bit Core' Language: 'en' Physical Memory: 16177 MB
BatchMode: 1, IsHumanControllingUs: 0, StartBugReporterOnCrash: 0, Is64bit: 1, IsPro: 1

COMMAND LINE ARGUMENTS:
C:\Program Files\Unity\Hub\Editor\2021.3.12f1\Editor\Unity.exe
-adb2
-batchMode
-noUpm
-name
AssetImportWorker3
-projectPath
C:/Users/csmol/Documents/CombatSystemDemo
-logFile
Logs/AssetImportWorker3.log
-srvPort
56919
Successfully changed project path to: C:/Users/csmol/Documents/CombatSystemDemo
C:/Users/csmol/Documents/CombatSystemDemo
[UnityMemory] Configuration Parameters - Can be set up in boot.config
    "memorysetup-bucket-allocator-granularity=16"
    "memorysetup-bucket-allocator-bucket-count=8"
    "memorysetup-bucket-allocator-block-size=33554432"
    "memorysetup-bucket-allocator-block-count=8"
    "memorysetup-main-allocator-block-size=16777216"
    "memorysetup-thread-allocator-block-size=16777216"
    "memorysetup-gfx-main-allocator-block-size=16777216"
    "memorysetup-gfx-thread-allocator-block-size=16777216"
    "memorysetup-cache-allocator-block-size=4194304"
    "memorysetup-typetree-allocator-block-size=2097152"
    "memorysetup-profiler-bucket-allocator-granularity=16"
    "memorysetup-profiler-bucket-allocator-bucket-count=8"
    "memorysetup-profiler-bucket-allocator-block-size=33554432"
    "memorysetup-profiler-bucket-allocator-block-count=8"
    "memorysetup-profiler-allocator-block-size=16777216"
    "memorysetup-profiler-editor-allocator-block-size=1048576"
    "memorysetup-temp-allocator-size-main=16777216"
    "memorysetup-job-temp-allocator-block-size=2097152"
    "memorysetup-job-temp-allocator-block-size-background=1048576"
    "memorysetup-job-temp-allocator-reduction-small-platforms=262144"
    "memorysetup-temp-allocator-size-background-worker=32768"
    "memorysetup-temp-allocator-size-job-worker=262144"
    "memorysetup-temp-allocator-size-preload-manager=33554432"
    "memorysetup-temp-allocator-size-nav-mesh-worker=65536"
    "memorysetup-temp-allocator-size-audio-worker=65536"
    "memorysetup-temp-allocator-size-cloud-worker=32768"
    "memorysetup-temp-allocator-size-gi-baking-worker=262144"
    "memorysetup-temp-allocator-size-gfx=262144"
Refreshing native plugins compatible for Editor in 146.12 ms, found 3 plugins.
Preloading 0 native plugins for Editor in 0.00 ms.
Initialize engine version: 2021.3.12f1 (8af3c3e441b1)
[Subsystems] Discovering subsystems at path C:/Program Files/Unity/Hub/Editor/2021.3.12f1/Editor/Data/Resources/UnitySubsystems
[Subsystems] Discovering subsystems at path C:/Users/csmol/Documents/CombatSystemDemo/Assets
GfxDevice: creating device client; threaded=0; jobified=0
Direct3D:
    Version:  Direct3D 11.0 [level 11.1]
    Renderer: NVIDIA GeForce RTX 2060 (ID=0x1f11)
    Vendor:   NVIDIA
    VRAM:     5980 MB
    Driver:   27.21.14.6618
Initialize mono
Mono path[0] = 'C:/Program Files/Unity/Hub/Editor/2021.3.12f1/Editor/Data/Managed'
Mono path[1] = 'C:/Program Files/Unity/Hub/Editor/2021.3.12f1/Editor/Data/MonoBleedingEdge/lib/mono/unityjit-win32'
Mono config path = 'C:/Program Files/Unity/Hub/Editor/2021.3.12f1/Editor/Data/MonoBleedingEdge/etc'
Using monoOptions --debugger-agent=transport=dt_socket,embedding=1,server=y,suspend=n,address=127.0.0.1:56532
Begin MonoManager ReloadAssembly
Registering precompiled unity dll's ...
Register platform support module: C:/Program Files/Unity/Hub/Editor/2021.3.12f1/Editor/Data/PlaybackEngines/WindowsStandaloneSupport/UnityEditor.WindowsStandalone.Extensions.dll
Registered in 0.007775 seconds.
Native extension for WindowsStandalone target not found
Refreshing native plugins compatible for Editor in 93.75 ms, found 3 plugins.
Preloading 0 native plugins for Editor in 0.00 ms.
Mono: successfully reloaded assembly
- Completed reload, in  0.697 seconds
Domain Reload Profiling:
	ReloadAssembly (697ms)
		BeginReloadAssembly (83ms)
			ExecutionOrderSort (0ms)
			DisableScriptedObjects (0ms)
			BackupInstance (0ms)
			ReleaseScriptingObjects (0ms)
			CreateAndSetChildDomain (1ms)
		EndReloadAssembly (496ms)
			LoadAssemblies (81ms)
			RebuildTransferFunctionScriptingTraits (0ms)
			SetupTypeCache (109ms)
			ReleaseScriptCaches (0ms)
			RebuildScriptCaches (34ms)
			SetupLoadedEditorAssemblies (299ms)
				LogAssemblyErrors (0ms)
				InitializePlatformSupportModulesInManaged (9ms)
				SetLoadedEditorAssemblies (0ms)
				RefreshPlugins (94ms)
				BeforeProcessingInitializeOnLoad (1ms)
				ProcessInitializeOnLoadAttributes (147ms)
				ProcessInitializeOnLoadMethodAttributes (47ms)
				AfterProcessingInitializeOnLoad (0ms)
				EditorAssembliesLoaded (0ms)
			ExecutionOrderSort2 (0ms)
			AwakeInstancesAfterBackupRestoration (0ms)
Platform modules already initialized, skipping
Registering precompiled user dll's ...
Registered in 0.006433 seconds.
Begin MonoManager ReloadAssembly
Symbol file LoadedFromMemory doesn't match image C:\Users\csmol\Documents\CombatSystemDemo\Library\PackageCache\com.unity.visualscripting@1.7.8\Editor\VisualScripting.Core\Dependencies\YamlDotNet\Unity.VisualScripting.YamlDotNet.dll
Symbol file LoadedFromMemory doesn't match image C:\Users\csmol\Documents\CombatSystemDemo\Library\PackageCache\com.unity.visualscripting@1.7.8\Editor\VisualScripting.Core\Dependencies\DotNetZip\Unity.VisualScripting.IonicZip.dll
Native extension for WindowsStandalone target not found
Refreshing native plugins compatible for Editor in 0.56 ms, found 3 plugins.
Preloading 0 native plugins for Editor in 0.00 ms.
Mono: successfully reloaded assembly
- Completed reload, in  1.128 seconds
Domain Reload Profiling:
	ReloadAssembly (1130ms)
		BeginReloadAssembly (117ms)
			ExecutionOrderSort (0ms)
			DisableScriptedObjects (7ms)
			BackupInstance (0ms)
			ReleaseScriptingObjects (0ms)
			CreateAndSetChildDomain (20ms)
		EndReloadAssembly (883ms)
			LoadAssemblies (87ms)
			RebuildTransferFunctionScriptingTraits (0ms)
			SetupTypeCache (290ms)
			ReleaseScriptCaches (1ms)
			RebuildScriptCaches (55ms)
			SetupLoadedEditorAssemblies (410ms)
				LogAssemblyErrors (0ms)
				InitializePlatformSupportModulesInManaged (6ms)
				SetLoadedEditorAssemblies (0ms)
				RefreshPlugins (1ms)
				BeforeProcessingInitializeOnLoad (104ms)
				ProcessInitializeOnLoadAttributes (261ms)
				ProcessInitializeOnLoadMethodAttributes (30ms)
				AfterProcessingInitializeOnLoad (8ms)
				EditorAssembliesLoaded (0ms)
			ExecutionOrderSort2 (0ms)
			AwakeInstancesAfterBackupRestoration (6ms)
Platform modules already initialized, skipping
========================================================================
Worker process is ready to serve import requests
Launched and connected shader compiler UnityShaderCompiler.exe after 0.05 seconds
Refreshing native plugins compatible for Editor in 1.22 ms, found 3 plugins.
Preloading 0 native plugins for Editor in 0.00 ms.
Unloading 3507 Unused Serialized files (Serialized files now loaded: 0)
Unloading 29 unused Assets / (469.7 KB). Loaded Objects now: 3982.
Memory consumption went from 149.3 MB to 148.9 MB.
Total: 7.185900 ms (FindLiveObjects: 0.455600 ms CreateObjectMapping: 0.406600 ms MarkObjects: 5.761400 ms  DeleteObjects: 0.560900 ms)

AssetImportParameters requested are different than current active one (requested -> active):
  custom:video-decoder-ogg-theora: a1e56fd34408186e4bbccfd4996cb3dc -> 
  custom:container-muxer-webm: aa71ff27fc2769a1b78a27578f13a17b -> 
  custom:container-demuxer-webm: 4f35f7cbe854078d1ac9338744f61a02 -> 
  custom:video-encoder-webm-vp8: eb34c28f22e8b96e1ab97ce403110664 -> 
  custom:video-codec-MediaFoundation-h265: 746d11721c4dcdbdad8f713fa42b33f4 -> 
  custom:audio-encoder-webm-vorbis: bf7c407c2cedff20999df2af8eb42d56 -> 
  custom:framework-win-MediaFoundation: 216162199b28c13a410421893ffa2e32 -> 
  custom:container-demuxer-ogg: 62fdf1f143b41e24485cea50d1cbac27 -> 
  custom:video-decoder-webm-vp8: 9c59270c3fd7afecdb556c50c9e8de78 -> 
  custom:audio-decoder-ogg-vorbis: bf7c407c2cedff20999df2af8eb42d56 -> 
========================================================================
Received Prepare
Registering precompiled user dll's ...
Registered in 0.007165 seconds.
Begin MonoManager ReloadAssembly
Symbol file LoadedFromMemory doesn't match image C:\Users\csmol\Documents\CombatSystemDemo\Library\PackageCache\com.unity.visualscripting@1.7.8\Editor\VisualScripting.Core\Dependencies\YamlDotNet\Unity.VisualScripting.YamlDotNet.dll
Symbol file LoadedFromMemory doesn't match image C:\Users\csmol\Documents\CombatSystemDemo\Library\PackageCache\com.unity.visualscripting@1.7.8\Editor\VisualScripting.Core\Dependencies\DotNetZip\Unity.VisualScripting.IonicZip.dll
Native extension for WindowsStandalone target not found
Refreshing native plugins compatible for Editor in 0.77 ms, found 3 plugins.
Preloading 0 native plugins for Editor in 0.00 ms.
Mono: successfully reloaded assembly
- Completed reload, in  1.440 seconds
Domain Reload Profiling:
	ReloadAssembly (1441ms)
		BeginReloadAssembly (166ms)
			ExecutionOrderSort (0ms)
			DisableScriptedObjects (8ms)
			BackupInstance (0ms)
			ReleaseScriptingObjects (0ms)
			CreateAndSetChildDomain (41ms)
		EndReloadAssembly (1148ms)
			LoadAssemblies (108ms)
			RebuildTransferFunctionScriptingTraits (0ms)
			SetupTypeCache (399ms)
			ReleaseScriptCaches (1ms)
			RebuildScriptCaches (69ms)
			SetupLoadedEditorAssemblies (495ms)
				LogAssemblyErrors (0ms)
				InitializePlatformSupportModulesInManaged (21ms)
				SetLoadedEditorAssemblies (1ms)
				RefreshPlugins (1ms)
				BeforeProcessingInitializeOnLoad (108ms)
				ProcessInitializeOnLoadAttributes (310ms)
				ProcessInitializeOnLoadMethodAttributes (43ms)
				AfterProcessingInitializeOnLoad (12ms)
				EditorAssembliesLoaded (0ms)
			ExecutionOrderSort2 (0ms)
			AwakeInstancesAfterBackupRestoration (8ms)
Platform modules already initialized, skipping
Refreshing native plugins compatible for Editor in 4.45 ms, found 3 plugins.
Preloading 0 native plugins for Editor in 0.00 ms.
Unloading 3430 Unused Serialized files (Serialized files now loaded: 0)
Unloading 22 unused Assets / (437.1 KB). Loaded Objects now: 3985.
Memory consumption went from 141.7 MB to 141.3 MB.
Total: 8.238900 ms (FindLiveObjects: 0.481600 ms CreateObjectMapping: 0.392100 ms MarkObjects: 6.823800 ms  DeleteObjects: 0.539500 ms)

AssetImportParameters requested are different than current active one (requested -> active):
  custom:video-decoder-ogg-theora: a1e56fd34408186e4bbccfd4996cb3dc -> 
  custom:container-muxer-webm: aa71ff27fc2769a1b78a27578f13a17b -> 
  custom:container-demuxer-webm: 4f35f7cbe854078d1ac9338744f61a02 -> 
  custom:video-encoder-webm-vp8: eb34c28f22e8b96e1ab97ce403110664 -> 
  custom:video-codec-MediaFoundation-h265: 746d11721c4dcdbdad8f713fa42b33f4 -> 
  custom:audio-encoder-webm-vorbis: bf7c407c2cedff20999df2af8eb42d56 -> 
  custom:framework-win-MediaFoundation: 216162199b28c13a410421893ffa2e32 -> 
  custom:container-demuxer-ogg: 62fdf1f143b41e24485cea50d1cbac27 -> 
  custom:video-decoder-webm-vp8: 9c59270c3fd7afecdb556c50c9e8de78 -> 
  custom:audio-decoder-ogg-vorbis: bf7c407c2cedff20999df2af8eb42d56 -> 
========================================================================
Received Import Request.
  Time since last request: 8770.248997 seconds.
  path: Assets/septimus/animations/septimus@attack_combo.FBX
  artifactKey: Guid(b96e0a9f9cb088849928d18d42d3c765) Importer(815301076,1909f56bfc062723c751e8b465ee728b)
Start importing Assets/septimus/animations/septimus@attack_combo.FBX using Guid(b96e0a9f9cb088849928d18d42d3c765) Importer(815301076,1909f56bfc062723c751e8b465ee728b)  -> (artifact id: '28120c985d25a6e35811993efc9ebc34') in 0.084112 seconds 
========================================================================
Received Import Request.
  Time since last request: 0.000026 seconds.
  path: Assets/septimus/animations/septimus@killed_fall_forward.FBX
  artifactKey: Guid(aa41d0a2255433f4c85aa177b441030f) Importer(815301076,1909f56bfc062723c751e8b465ee728b)
Start importing Assets/septimus/animations/septimus@killed_fall_forward.FBX using Guid(aa41d0a2255433f4c85aa177b441030f) Importer(815301076,1909f56bfc062723c751e8b465ee728b)  -> (artifact id: '1cea3fcd8e0087dd114dd52627108885') in 0.012823 seconds 
========================================================================
Received Import Request.
  Time since last request: 0.000037 seconds.
  path: Assets/septimus/animations/septimus@walk_equipped.FBX
  artifactKey: Guid(f54c6faf165a16c4c978b3b236f0dba5) Importer(815301076,1909f56bfc062723c751e8b465ee728b)
Start importing Assets/septimus/animations/septimus@walk_equipped.FBX using Guid(f54c6faf165a16c4c978b3b236f0dba5) Importer(815301076,1909f56bfc062723c751e8b465ee728b)  -> (artifact id: '5cf21af030182a0abd1757c028bd35f4') in 0.013033 seconds 
========================================================================
Received Import Request.
  Time since last request: 0.000036 seconds.
  path: Assets/septimus/animations/septimus@hit_left.FBX
  artifactKey: Guid(c1d3ff034e2964743b81b79ddc3d086c) Importer(815301076,1909f56bfc062723c751e8b465ee728b)
Start importing Assets/septimus/animations/septimus@hit_left.FBX using Guid(c1d3ff034e2964743b81b79ddc3d086c) Importer(815301076,1909f56bfc062723c751e8b465ee728b)  -> (artifact id: 'a6e2769c2e96016ed9ce5b92e4b9ab94') in 0.015419 seconds 
========================================================================
Received Import Request.
  Time since last request: 0.000028 seconds.
  path: Assets/septimus/animations/septimus@killed_fall_back_pillum.FBX
  artifactKey: Guid(f382a1250a48c8f4888a5cad3eba1967) Importer(815301076,1909f56bfc062723c751e8b465ee728b)
Start importing Assets/septimus/animations/septimus@killed_fall_back_pillum.FBX using Guid(f382a1250a48c8f4888a5cad3eba1967) Importer(815301076,1909f56bfc062723c751e8b465ee728b)  -> (artifact id: 'fa8a0167e70f3abb333812378bf2fe20') in 0.016966 seconds 
========================================================================
Received Import Request.
  Time since last request: 0.000023 seconds.
  path: Assets/septimus/animations/septimus@block.FBX
  artifactKey: Guid(2441accd810cfd34d80215ada844604a) Importer(815301076,1909f56bfc062723c751e8b465ee728b)
Start importing Assets/septimus/animations/septimus@block.FBX using Guid(2441accd810cfd34d80215ada844604a) Importer(815301076,1909f56bfc062723c751e8b465ee728b)  -> (artifact id: 'e1892d80a05b446a0ed3507e8950ef1b') in 0.013126 seconds 
========================================================================
Received Import Request.
  Time since last request: 0.000019 seconds.
  path: Assets/septimus/animations/septimus@killed_fall_forward_pillum.FBX
  artifactKey: Guid(e122bfa64c6760b4ab20e262434bdf6a) Importer(815301076,1909f56bfc062723c751e8b465ee728b)
Start importing Assets/septimus/animations/septimus@killed_fall_forward_pillum.FBX using Guid(e122bfa64c6760b4ab20e262434bdf6a) Importer(815301076,1909f56bfc062723c751e8b465ee728b)  -> (artifact id: '162f1a596b836861df4646e9154d48de') in 0.016226 seconds 
========================================================================
Received Import Request.
  Time since last request: 0.000040 seconds.
  path: Assets/septimus/animations/septimus@idle_look_around.FBX
  artifactKey: Guid(5ad7ac4daf8bb8541b9415cd980fd934) Importer(815301076,1909f56bfc062723c751e8b465ee728b)
Start importing Assets/septimus/animations/septimus@idle_look_around.FBX using Guid(5ad7ac4daf8bb8541b9415cd980fd934) Importer(815301076,1909f56bfc062723c751e8b465ee728b)  -> (artifact id: 'fcf5415918e921ad68f854a308fdc43e') in 0.010811 seconds 
========================================================================
Received Import Request.
  Time since last request: 0.000018 seconds.
  path: Assets/septimus/animations/septimus@win_pillum.FBX
  artifactKey: Guid(ac02c1483538dd44ba379353a48a3864) Importer(815301076,1909f56bfc062723c751e8b465ee728b)
Start importing Assets/septimus/animations/septimus@win_pillum.FBX using Guid(ac02c1483538dd44ba379353a48a3864) Importer(815301076,1909f56bfc062723c751e8b465ee728b)  -> (artifact id: 'ab0f6fc28ef93507952b972f76c8642c') in 0.014478 seconds 
========================================================================
Received Import Request.
  Time since last request: 0.000022 seconds.
  path: Assets/septimus/animations/septimus@idle_weapon_check.FBX
  artifactKey: Guid(11b86fb168584d0448621df4d9adaa08) Importer(815301076,1909f56bfc062723c751e8b465ee728b)
Start importing Assets/septimus/animations/septimus@idle_weapon_check.FBX using Guid(11b86fb168584d0448621df4d9adaa08) Importer(815301076,1909f56bfc062723c751e8b465ee728b)  -> (artifact id: 'b919ba81a0e766a28ec3cc45c2a8c639') in 0.010571 seconds 
========================================================================
Received Import Request.
  Time since last request: 0.000037 seconds.
  path: Assets/septimus/animations/septimus@walk.FBX
  artifactKey: Guid(5e9c27917550880468f9a4cec4d4fb30) Importer(815301076,1909f56bfc062723c751e8b465ee728b)
Start importing Assets/septimus/animations/septimus@walk.FBX using Guid(5e9c27917550880468f9a4cec4d4fb30) Importer(815301076,1909f56bfc062723c751e8b465ee728b)  -> (artifact id: 'ad09eab193dff80c292193a8c321a9bf') in 0.014349 seconds 
========================================================================
Received Import Request.
  Time since last request: 0.000023 seconds.
  path: Assets/septimus/animations/septimus@defense_arrows.FBX
  artifactKey: Guid(a50004bbccc06da4bbfe6b61065ef24d) Importer(815301076,1909f56bfc062723c751e8b465ee728b)
Start importing Assets/septimus/animations/septimus@defense_arrows.FBX using Guid(a50004bbccc06da4bbfe6b61065ef24d) Importer(815301076,1909f56bfc062723c751e8b465ee728b)  -> (artifact id: 'a4dc517e9803858c82fb42c5249c18f4') in 0.014084 seconds 
========================================================================
Received Import Request.
  Time since last request: 0.000037 seconds.
  path: Assets/septimus/animations/septimus@block_shield.FBX
  artifactKey: Guid(1589335c877b6a34e8ef6bea0e2e4eba) Importer(815301076,1909f56bfc062723c751e8b465ee728b)
Start importing Assets/septimus/animations/septimus@block_shield.FBX using Guid(1589335c877b6a34e8ef6bea0e2e4eba) Importer(815301076,1909f56bfc062723c751e8b465ee728b)  -> (artifact id: 'ee8ea21a84db9cc5b89a72bc789bc466') in 0.014881 seconds 
========================================================================
Received Import Request.
  Time since last request: 0.000038 seconds.
  path: Assets/septimus/animations/septimus@walk_pillum.FBX
  artifactKey: Guid(8ec696f50e911074bbf63c1d95d92038) Importer(815301076,1909f56bfc062723c751e8b465ee728b)
Start importing Assets/septimus/animations/septimus@walk_pillum.FBX using Guid(8ec696f50e911074bbf63c1d95d92038) Importer(815301076,1909f56bfc062723c751e8b465ee728b)  -> (artifact id: '105bcf92d8ab0b922b22a1519a7b5102') in 0.015026 seconds 
========================================================================
Received Prepare
Registering precompiled user dll's ...
Registered in 0.007663 seconds.
Begin MonoManager ReloadAssembly
Symbol file LoadedFromMemory doesn't match image C:\Users\csmol\Documents\CombatSystemDemo\Library\PackageCache\com.unity.visualscripting@1.7.8\Editor\VisualScripting.Core\Dependencies\YamlDotNet\Unity.VisualScripting.YamlDotNet.dll
Symbol file LoadedFromMemory doesn't match image C:\Users\csmol\Documents\CombatSystemDemo\Library\PackageCache\com.unity.visualscripting@1.7.8\Editor\VisualScripting.Core\Dependencies\DotNetZip\Unity.VisualScripting.IonicZip.dll
Native extension for WindowsStandalone target not found
Refreshing native plugins compatible for Editor in 0.65 ms, found 3 plugins.
Preloading 0 native plugins for Editor in 0.00 ms.
Mono: successfully reloaded assembly
- Completed reload, in  1.504 seconds
Domain Reload Profiling:
	ReloadAssembly (1506ms)
		BeginReloadAssembly (175ms)
			ExecutionOrderSort (0ms)
			DisableScriptedObjects (8ms)
			BackupInstance (0ms)
			ReleaseScriptingObjects (0ms)
			CreateAndSetChildDomain (50ms)
		EndReloadAssembly (1201ms)
			LoadAssemblies (106ms)
			RebuildTransferFunctionScriptingTraits (0ms)
			SetupTypeCache (407ms)
			ReleaseScriptCaches (2ms)
			RebuildScriptCaches (73ms)
			SetupLoadedEditorAssemblies (533ms)
				LogAssemblyErrors (0ms)
				InitializePlatformSupportModulesInManaged (17ms)
				SetLoadedEditorAssemblies (1ms)
				RefreshPlugins (1ms)
				BeforeProcessingInitializeOnLoad (97ms)
				ProcessInitializeOnLoadAttributes (347ms)
				ProcessInitializeOnLoadMethodAttributes (59ms)
				AfterProcessingInitializeOnLoad (12ms)
				EditorAssembliesLoaded (0ms)
			ExecutionOrderSort2 (0ms)
			AwakeInstancesAfterBackupRestoration (10ms)
Platform modules already initialized, skipping
Refreshing native plugins compatible for Editor in 5.16 ms, found 3 plugins.
Preloading 0 native plugins for Editor in 0.00 ms.
Unloading 3430 Unused Serialized files (Serialized files now loaded: 0)
Unloading 22 unused Assets / (444.8 KB). Loaded Objects now: 3989.
Memory consumption went from 141.8 MB to 141.4 MB.
Total: 8.112600 ms (FindLiveObjects: 0.408400 ms CreateObjectMapping: 0.376800 ms MarkObjects: 6.826600 ms  DeleteObjects: 0.499300 ms)

AssetImportParameters requested are different than current active one (requested -> active):
  custom:video-decoder-ogg-theora: a1e56fd34408186e4bbccfd4996cb3dc -> 
  custom:container-muxer-webm: aa71ff27fc2769a1b78a27578f13a17b -> 
  custom:container-demuxer-webm: 4f35f7cbe854078d1ac9338744f61a02 -> 
  custom:video-encoder-webm-vp8: eb34c28f22e8b96e1ab97ce403110664 -> 
  custom:video-codec-MediaFoundation-h265: 746d11721c4dcdbdad8f713fa42b33f4 -> 
  custom:audio-encoder-webm-vorbis: bf7c407c2cedff20999df2af8eb42d56 -> 
  custom:framework-win-MediaFoundation: 216162199b28c13a410421893ffa2e32 -> 
  custom:container-demuxer-ogg: 62fdf1f143b41e24485cea50d1cbac27 -> 
  custom:video-decoder-webm-vp8: 9c59270c3fd7afecdb556c50c9e8de78 -> 
  custom:audio-decoder-ogg-vorbis: bf7c407c2cedff20999df2af8eb42d56 -> 
